{"meta": {"format": 3, "version": "7.13.0", "timestamp": "2025-12-23T17:08:06.913639", "branch_coverage": false, "show_contexts": false}, "files": {"src/variance/__init__.py": {"executed_lines": [0], "summary": {"covered_lines": 0, "num_statements": 0, "percent_covered": 100.0, "percent_covered_display": "100", "missing_lines": 0, "excluded_lines": 0, "percent_statements_covered": 100.0, "percent_statements_covered_display": "100"}, "missing_lines": [], "excluded_lines": [], "functions": {"": {"executed_lines": [], "summary": {"covered_lines": 0, "num_statements": 0, "percent_covered": 100.0, "percent_covered_display": "100", "missing_lines": 0, "excluded_lines": 0, "percent_statements_covered": 100.0, "percent_statements_covered_display": "100"}, "missing_lines": [], "excluded_lines": []}}, "classes": {"": {"executed_lines": [], "summary": {"covered_lines": 0, "num_statements": 0, "percent_covered": 100.0, "percent_covered_display": "100", "missing_lines": 0, "excluded_lines": 0, "percent_statements_covered": 100.0, "percent_statements_covered_display": "100"}, "missing_lines": [], "excluded_lines": []}}}, "src/variance/analyze_portfolio.py": {"executed_lines": [1, 2, 3, 4, 5, 6, 7, 10, 11, 12, 13, 16, 17, 20, 22, 25, 35, 36, 38, 39, 40, 43, 44, 48, 51, 52, 54, 55, 56, 58, 59, 62, 63, 66, 67, 68, 71, 75, 82, 85, 86, 87, 88, 91, 95, 97, 105, 107, 108, 109, 110, 111, 112, 115, 147, 148, 165, 166, 167, 168, 169, 170, 172, 173, 176, 177, 179, 180, 181, 182, 183, 186, 187, 190, 191, 195, 198, 199, 200, 201, 202, 203, 206, 207, 208, 209, 210, 211, 212, 213, 215, 216, 217, 218, 219, 220, 221, 226, 229, 230, 231, 232, 235, 236, 237, 246, 249, 250, 251, 252, 253, 255, 256, 261, 264, 265, 269, 273, 275, 278, 279, 282, 286, 288, 291, 294, 297, 314, 315, 316, 317, 320, 321, 322, 331, 332, 334, 336, 338, 340, 341, 344, 348, 352, 354, 357, 359, 361, 372, 382, 383, 384, 386, 387, 388, 390, 391, 396, 397, 400, 415, 418, 436], "summary": {"covered_lines": 163, "num_statements": 191, "percent_covered": 85.34031413612566, "percent_covered_display": "85", "missing_lines": 28, "excluded_lines": 0, "percent_statements_covered": 85.34031413612566, "percent_statements_covered_display": "85"}, "missing_lines": [45, 69, 72, 73, 76, 266, 270, 280, 283, 284, 298, 323, 324, 325, 327, 328, 401, 403, 419, 422, 424, 426, 427, 429, 430, 431, 433, 437], "excluded_lines": [], "functions": {"analyze_portfolio": {"executed_lines": [35, 36, 38, 39, 40, 43, 44, 48, 51, 52, 54, 55, 56, 58, 59, 62, 63, 66, 67, 68, 71, 75, 82, 85, 86, 87, 88, 91, 95, 97, 105, 107, 108, 109, 110, 111, 112, 115, 147, 148, 165, 166, 167, 168, 169, 170, 172, 173, 176, 177, 179, 180, 181, 182, 183, 186, 187, 190, 191, 195, 198, 199, 200, 201, 202, 203, 206, 207, 208, 209, 210, 211, 212, 213, 215, 216, 217, 218, 219, 220, 221, 226, 229, 230, 231, 232, 235, 236, 237, 246, 249, 250, 251, 252, 253, 255, 256, 261, 264, 265, 269, 273, 275, 278, 279, 282, 286, 288, 291, 294, 297, 314, 315, 316, 317, 320, 321, 322, 331, 332, 334, 336, 338, 340, 341, 344, 348, 352, 354, 357, 359, 361, 372, 382, 383, 384, 386, 387, 388, 390, 391, 396, 397, 400, 415], "summary": {"covered_lines": 145, "num_statements": 163, "percent_covered": 88.95705521472392, "percent_covered_display": "89", "missing_lines": 18, "excluded_lines": 0, "percent_statements_covered": 88.95705521472392, "percent_statements_covered_display": "89"}, "missing_lines": [45, 69, 72, 73, 76, 266, 270, 280, 283, 284, 298, 323, 324, 325, 327, 328, 401, 403], "excluded_lines": []}, "main": {"executed_lines": [], "summary": {"covered_lines": 0, "num_statements": 9, "percent_covered": 0.0, "percent_covered_display": "0", "missing_lines": 9, "excluded_lines": 0, "percent_statements_covered": 0.0, "percent_statements_covered_display": "0"}, "missing_lines": [419, 422, 424, 426, 427, 429, 430, 431, 433], "excluded_lines": []}, "": {"executed_lines": [1, 2, 3, 4, 5, 6, 7, 10, 11, 12, 13, 16, 17, 20, 22, 25, 418, 436], "summary": {"covered_lines": 18, "num_statements": 19, "percent_covered": 94.73684210526316, "percent_covered_display": "95", "missing_lines": 1, "excluded_lines": 0, "percent_statements_covered": 94.73684210526316, "percent_statements_covered_display": "95"}, "missing_lines": [437], "excluded_lines": []}}, "classes": {"": {"executed_lines": [1, 2, 3, 4, 5, 6, 7, 10, 11, 12, 13, 16, 17, 20, 22, 25, 35, 36, 38, 39, 40, 43, 44, 48, 51, 52, 54, 55, 56, 58, 59, 62, 63, 66, 67, 68, 71, 75, 82, 85, 86, 87, 88, 91, 95, 97, 105, 107, 108, 109, 110, 111, 112, 115, 147, 148, 165, 166, 167, 168, 169, 170, 172, 173, 176, 177, 179, 180, 181, 182, 183, 186, 187, 190, 191, 195, 198, 199, 200, 201, 202, 203, 206, 207, 208, 209, 210, 211, 212, 213, 215, 216, 217, 218, 219, 220, 221, 226, 229, 230, 231, 232, 235, 236, 237, 246, 249, 250, 251, 252, 253, 255, 256, 261, 264, 265, 269, 273, 275, 278, 279, 282, 286, 288, 291, 294, 297, 314, 315, 316, 317, 320, 321, 322, 331, 332, 334, 336, 338, 340, 341, 344, 348, 352, 354, 357, 359, 361, 372, 382, 383, 384, 386, 387, 388, 390, 391, 396, 397, 400, 415, 418, 436], "summary": {"covered_lines": 163, "num_statements": 191, "percent_covered": 85.34031413612566, "percent_covered_display": "85", "missing_lines": 28, "excluded_lines": 0, "percent_statements_covered": 85.34031413612566, "percent_statements_covered_display": "85"}, "missing_lines": [45, 69, 72, 73, 76, 266, 270, 280, 283, 284, 298, 323, 324, 325, 327, 328, 401, 403, 419, 422, 424, 426, 427, 429, 430, 431, 433, 437], "excluded_lines": []}}}, "src/variance/common.py": {"executed_lines": [1, 10, 11, 14, 16, 19, 20, 21, 22, 23, 26, 40, 50, 53, 67, 68, 71, 72, 74, 75, 76, 77, 78, 81, 83, 84, 85, 87], "summary": {"covered_lines": 27, "num_statements": 29, "percent_covered": 93.10344827586206, "percent_covered_display": "93", "missing_lines": 2, "excluded_lines": 0, "percent_statements_covered": 93.10344827586206, "percent_statements_covered_display": "93"}, "missing_lines": [33, 34], "excluded_lines": [], "functions": {"warn_if_not_venv": {"executed_lines": [], "summary": {"covered_lines": 0, "num_statements": 2, "percent_covered": 0.0, "percent_covered_display": "0", "missing_lines": 2, "excluded_lines": 0, "percent_statements_covered": 0.0, "percent_statements_covered_display": "0"}, "missing_lines": [33, 34], "excluded_lines": []}, "map_sector_to_asset_class": {"executed_lines": [50], "summary": {"covered_lines": 1, "num_statements": 1, "percent_covered": 100.0, "percent_covered_display": "100", "missing_lines": 0, "excluded_lines": 0, "percent_statements_covered": 100.0, "percent_statements_covered_display": "100"}, "missing_lines": [], "excluded_lines": []}, "get_equivalent_exposures": {"executed_lines": [67, 68, 71, 72, 74, 75, 76, 77, 78, 81, 83, 84, 85, 87], "summary": {"covered_lines": 14, "num_statements": 14, "percent_covered": 100.0, "percent_covered_display": "100", "missing_lines": 0, "excluded_lines": 0, "percent_statements_covered": 100.0, "percent_statements_covered_display": "100"}, "missing_lines": [], "excluded_lines": []}, "": {"executed_lines": [1, 10, 11, 14, 16, 19, 20, 21, 22, 23, 26, 40, 53], "summary": {"covered_lines": 12, "num_statements": 12, "percent_covered": 100.0, "percent_covered_display": "100", "missing_lines": 0, "excluded_lines": 0, "percent_statements_covered": 100.0, "percent_statements_covered_display": "100"}, "missing_lines": [], "excluded_lines": []}}, "classes": {"": {"executed_lines": [1, 10, 11, 14, 16, 19, 20, 21, 22, 23, 26, 40, 50, 53, 67, 68, 71, 72, 74, 75, 76, 77, 78, 81, 83, 84, 85, 87], "summary": {"covered_lines": 27, "num_statements": 29, "percent_covered": 93.10344827586206, "percent_covered_display": "93", "missing_lines": 2, "excluded_lines": 0, "percent_statements_covered": 93.10344827586206, "percent_statements_covered_display": "93"}, "missing_lines": [33, 34], "excluded_lines": []}}}, "src/variance/config_loader.py": {"executed_lines": [1, 5, 6, 7, 8, 9, 10, 13, 14, 18, 19, 20, 21, 24, 32, 35, 36, 37, 38, 39, 41, 44, 45, 46, 47, 48, 51, 52, 53, 54, 55, 56, 58, 59, 60, 61, 63, 64, 67, 68, 69, 77, 78, 79, 80, 81, 83, 84, 87, 90, 91, 92, 95, 96, 97, 98, 104, 105, 106, 114, 117, 118, 119, 122, 130, 133, 134, 135, 138, 141, 142, 143, 146, 149, 150, 151, 158, 164, 165, 166, 167, 168, 170, 172, 182, 184, 185, 187, 188, 190], "summary": {"covered_lines": 89, "num_statements": 114, "percent_covered": 78.0701754385965, "percent_covered_display": "78", "missing_lines": 25, "excluded_lines": 0, "percent_statements_covered": 78.0701754385965, "percent_statements_covered_display": "78"}, "missing_lines": [15, 16, 40, 57, 62, 70, 71, 72, 73, 74, 99, 100, 101, 102, 103, 107, 108, 109, 110, 111, 125, 126, 127, 154, 155], "excluded_lines": [], "functions": {"_resolve_config_dir": {"executed_lines": [36, 37, 38, 39, 41], "summary": {"covered_lines": 5, "num_statements": 6, "percent_covered": 83.33333333333333, "percent_covered_display": "83", "missing_lines": 1, "excluded_lines": 0, "percent_statements_covered": 83.33333333333333, "percent_statements_covered_display": "83"}, "missing_lines": [40], "excluded_lines": []}, "_resolve_strict": {"executed_lines": [45, 46, 47, 48], "summary": {"covered_lines": 4, "num_statements": 4, "percent_covered": 100.0, "percent_covered_display": "100", "missing_lines": 0, "excluded_lines": 0, "percent_statements_covered": 100.0, "percent_statements_covered_display": "100"}, "missing_lines": [], "excluded_lines": []}, "_load_json": {"executed_lines": [52, 53, 54, 55, 56, 58, 59, 60, 61, 63, 64], "summary": {"covered_lines": 11, "num_statements": 13, "percent_covered": 84.61538461538461, "percent_covered_display": "85", "missing_lines": 2, "excluded_lines": 0, "percent_statements_covered": 84.61538461538461, "percent_statements_covered_display": "85"}, "missing_lines": [57, 62], "excluded_lines": []}, "_ensure_dict": {"executed_lines": [68, 69], "summary": {"covered_lines": 2, "num_statements": 7, "percent_covered": 28.571428571428573, "percent_covered_display": "29", "missing_lines": 5, "excluded_lines": 0, "percent_statements_covered": 28.571428571428573, "percent_statements_covered_display": "29"}, "missing_lines": [70, 71, 72, 73, 74], "excluded_lines": []}, "_deep_merge": {"executed_lines": [78, 79, 80, 81, 83, 84], "summary": {"covered_lines": 6, "num_statements": 6, "percent_covered": 100.0, "percent_covered_display": "100", "missing_lines": 0, "excluded_lines": 0, "percent_statements_covered": 100.0, "percent_statements_covered_display": "100"}, "missing_lines": [], "excluded_lines": []}, "load_runtime_config": {"executed_lines": [90, 91, 92], "summary": {"covered_lines": 3, "num_statements": 3, "percent_covered": 100.0, "percent_covered_display": "100", "missing_lines": 0, "excluded_lines": 0, "percent_statements_covered": 100.0, "percent_statements_covered_display": "100"}, "missing_lines": [], "excluded_lines": []}, "_extract_section": {"executed_lines": [96, 97, 98, 104, 105, 106], "summary": {"covered_lines": 6, "num_statements": 16, "percent_covered": 37.5, "percent_covered_display": "38", "missing_lines": 10, "excluded_lines": 0, "percent_statements_covered": 37.5, "percent_statements_covered_display": "38"}, "missing_lines": [99, 100, 101, 102, 103, 107, 108, 109, 110, 111], "excluded_lines": []}, "load_trading_rules": {"executed_lines": [117, 118, 119], "summary": {"covered_lines": 3, "num_statements": 3, "percent_covered": 100.0, "percent_covered_display": "100", "missing_lines": 0, "excluded_lines": 0, "percent_statements_covered": 100.0, "percent_statements_covered_display": "100"}, "missing_lines": [], "excluded_lines": []}, "load_screener_profiles": {"executed_lines": [], "summary": {"covered_lines": 0, "num_statements": 3, "percent_covered": 0.0, "percent_covered_display": "0", "missing_lines": 3, "excluded_lines": 0, "percent_statements_covered": 0.0, "percent_statements_covered_display": "0"}, "missing_lines": [125, 126, 127], "excluded_lines": []}, "load_market_config": {"executed_lines": [133, 134, 135], "summary": {"covered_lines": 3, "num_statements": 3, "percent_covered": 100.0, "percent_covered_display": "100", "missing_lines": 0, "excluded_lines": 0, "percent_statements_covered": 100.0, "percent_statements_covered_display": "100"}, "missing_lines": [], "excluded_lines": []}, "load_system_config": {"executed_lines": [141, 142, 143], "summary": {"covered_lines": 3, "num_statements": 3, "percent_covered": 100.0, "percent_covered_display": "100", "missing_lines": 0, "excluded_lines": 0, "percent_statements_covered": 100.0, "percent_statements_covered_display": "100"}, "missing_lines": [], "excluded_lines": []}, "load_strategies": {"executed_lines": [149, 150, 151], "summary": {"covered_lines": 3, "num_statements": 5, "percent_covered": 60.0, "percent_covered_display": "60", "missing_lines": 2, "excluded_lines": 0, "percent_statements_covered": 60.0, "percent_statements_covered_display": "60"}, "missing_lines": [154, 155], "excluded_lines": []}, "load_config_bundle": {"executed_lines": [164, 165, 166, 167, 168, 170, 172, 182, 184, 185, 187, 188, 190], "summary": {"covered_lines": 13, "num_statements": 13, "percent_covered": 100.0, "percent_covered_display": "100", "missing_lines": 0, "excluded_lines": 0, "percent_statements_covered": 100.0, "percent_statements_covered_display": "100"}, "missing_lines": [], "excluded_lines": []}, "": {"executed_lines": [1, 5, 6, 7, 8, 9, 10, 13, 14, 18, 19, 20, 21, 24, 32, 35, 44, 51, 67, 77, 87, 95, 114, 122, 130, 138, 146, 158], "summary": {"covered_lines": 27, "num_statements": 29, "percent_covered": 93.10344827586206, "percent_covered_display": "93", "missing_lines": 2, "excluded_lines": 0, "percent_statements_covered": 93.10344827586206, "percent_statements_covered_display": "93"}, "missing_lines": [15, 16], "excluded_lines": []}}, "classes": {"ConfigBundle": {"executed_lines": [], "summary": {"covered_lines": 0, "num_statements": 0, "percent_covered": 100.0, "percent_covered_display": "100", "missing_lines": 0, "excluded_lines": 0, "percent_statements_covered": 100.0, "percent_statements_covered_display": "100"}, "missing_lines": [], "excluded_lines": []}, "": {"executed_lines": [1, 5, 6, 7, 8, 9, 10, 13, 14, 18, 19, 20, 21, 24, 32, 35, 36, 37, 38, 39, 41, 44, 45, 46, 47, 48, 51, 52, 53, 54, 55, 56, 58, 59, 60, 61, 63, 64, 67, 68, 69, 77, 78, 79, 80, 81, 83, 84, 87, 90, 91, 92, 95, 96, 97, 98, 104, 105, 106, 114, 117, 118, 119, 122, 130, 133, 134, 135, 138, 141, 142, 143, 146, 149, 150, 151, 158, 164, 165, 166, 167, 168, 170, 172, 182, 184, 185, 187, 188, 190], "summary": {"covered_lines": 89, "num_statements": 114, "percent_covered": 78.0701754385965, "percent_covered_display": "78", "missing_lines": 25, "excluded_lines": 0, "percent_statements_covered": 78.0701754385965, "percent_statements_covered_display": "78"}, "missing_lines": [15, 16, 40, 57, 62, 70, 71, 72, 73, 74, 99, 100, 101, 102, 103, 107, 108, 109, 110, 111, 125, 126, 127, 154, 155], "excluded_lines": []}}}, "src/variance/diagnose_screener.py": {"executed_lines": [], "summary": {"covered_lines": 0, "num_statements": 121, "percent_covered": 0.0, "percent_covered_display": "0", "missing_lines": 121, "excluded_lines": 0, "percent_statements_covered": 0.0, "percent_statements_covered_display": "0"}, "missing_lines": [1, 2, 3, 5, 6, 7, 10, 14, 17, 18, 19, 20, 22, 23, 24, 25, 26, 27, 28, 29, 30, 31, 33, 34, 36, 37, 38, 41, 42, 43, 45, 46, 47, 48, 50, 51, 52, 53, 56, 59, 60, 62, 63, 66, 67, 71, 72, 73, 74, 75, 76, 77, 79, 80, 81, 82, 85, 86, 88, 89, 90, 91, 92, 93, 96, 97, 98, 99, 100, 103, 104, 105, 107, 108, 109, 112, 113, 115, 116, 117, 118, 119, 121, 122, 125, 126, 127, 129, 130, 131, 133, 136, 137, 138, 140, 141, 143, 144, 145, 146, 147, 148, 149, 150, 151, 153, 154, 155, 156, 157, 159, 160, 161, 164, 165, 166, 167, 168, 169, 170, 171], "excluded_lines": [], "functions": {"diagnose_watchlist": {"executed_lines": [], "summary": {"covered_lines": 0, "num_statements": 106, "percent_covered": 0.0, "percent_covered_display": "0", "missing_lines": 106, "excluded_lines": 0, "percent_statements_covered": 0.0, "percent_statements_covered_display": "0"}, "missing_lines": [14, 17, 18, 19, 20, 22, 23, 24, 25, 26, 27, 28, 29, 30, 31, 33, 34, 36, 37, 38, 41, 42, 43, 45, 46, 47, 48, 50, 51, 52, 53, 56, 59, 60, 62, 63, 66, 67, 71, 72, 73, 74, 75, 76, 77, 79, 80, 81, 82, 85, 86, 88, 89, 90, 91, 92, 93, 96, 97, 98, 99, 100, 103, 104, 105, 107, 108, 109, 112, 113, 115, 116, 117, 118, 119, 121, 122, 125, 126, 127, 129, 130, 131, 133, 136, 137, 138, 140, 141, 143, 144, 145, 146, 147, 148, 149, 150, 151, 153, 154, 155, 156, 157, 159, 160, 161], "excluded_lines": []}, "": {"executed_lines": [], "summary": {"covered_lines": 0, "num_statements": 15, "percent_covered": 0.0, "percent_covered_display": "0", "missing_lines": 15, "excluded_lines": 0, "percent_statements_covered": 0.0, "percent_statements_covered_display": "0"}, "missing_lines": [1, 2, 3, 5, 6, 7, 10, 164, 165, 166, 167, 168, 169, 170, 171], "excluded_lines": []}}, "classes": {"": {"executed_lines": [], "summary": {"covered_lines": 0, "num_statements": 121, "percent_covered": 0.0, "percent_covered_display": "0", "missing_lines": 121, "excluded_lines": 0, "percent_statements_covered": 0.0, "percent_statements_covered_display": "0"}, "missing_lines": [1, 2, 3, 5, 6, 7, 10, 14, 17, 18, 19, 20, 22, 23, 24, 25, 26, 27, 28, 29, 30, 31, 33, 34, 36, 37, 38, 41, 42, 43, 45, 46, 47, 48, 50, 51, 52, 53, 56, 59, 60, 62, 63, 66, 67, 71, 72, 73, 74, 75, 76, 77, 79, 80, 81, 82, 85, 86, 88, 89, 90, 91, 92, 93, 96, 97, 98, 99, 100, 103, 104, 105, 107, 108, 109, 112, 113, 115, 116, 117, 118, 119, 121, 122, 125, 126, 127, 129, 130, 131, 133, 136, 137, 138, 140, 141, 143, 144, 145, 146, 147, 148, 149, 150, 151, 153, 154, 155, 156, 157, 159, 160, 161, 164, 165, 166, 167, 168, 169, 170, 171], "excluded_lines": []}}}, "src/variance/get_market_data.py": {"executed_lines": [1, 2, 3, 4, 5, 6, 7, 8, 9, 10, 11, 12, 14, 18, 19, 25, 33, 35, 36, 37, 38, 40, 41, 42, 43, 44, 45, 46, 47, 48, 49, 50, 51, 52, 53, 55, 56, 57, 61, 62, 63, 64, 66, 67, 73, 74, 75, 76, 77, 78, 80, 81, 82, 83, 84, 85, 87, 88, 89, 90, 97, 99, 100, 101, 102, 103, 104, 105, 106, 109, 111, 112, 114, 115, 116, 117, 118, 122, 125, 129, 130, 133, 144, 145, 147, 149, 150, 151, 153, 156, 157, 160, 161, 162, 164, 167, 168, 170, 171, 172, 173, 174, 175, 176, 177, 178, 181, 184, 185, 186, 187, 193, 195, 196, 198, 200, 201, 204, 206, 207, 208, 209, 210, 211, 212, 215, 218, 219, 220, 221, 223, 224, 225, 227, 229, 230, 232, 238, 239, 244, 270, 277, 278, 279, 280, 281, 282, 283, 284, 286, 287, 288, 289, 290, 293, 294, 295, 296, 297, 299, 302, 303, 304, 305, 306, 307, 308, 309, 321, 322, 327, 330, 331, 332, 333, 335, 337, 338, 339, 348, 351, 358, 359, 360, 361, 362, 363, 365, 367, 368, 369, 370, 371, 372, 373, 376, 397, 400, 401, 402, 404, 406, 407, 408, 409, 410, 411, 412, 413, 414, 415, 416, 417, 420, 421, 422, 429, 431, 447, 448, 449, 450, 451, 454, 456, 465, 466, 467, 469, 470, 471, 472, 473, 476, 477, 478, 479, 484, 485, 486, 487, 488, 490, 495, 496, 497, 503, 504, 505, 506, 508, 509, 512, 513, 516, 519, 521, 522, 523, 526, 529, 530, 533, 535], "summary": {"covered_lines": 264, "num_statements": 370, "percent_covered": 71.35135135135135, "percent_covered_display": "71", "missing_lines": 106, "excluded_lines": 0, "percent_statements_covered": 71.35135135135135, "percent_statements_covered_display": "71"}, "missing_lines": [20, 21, 22, 58, 59, 68, 69, 107, 108, 113, 134, 135, 136, 137, 138, 139, 140, 141, 146, 148, 152, 163, 169, 188, 189, 190, 191, 202, 222, 226, 240, 241, 247, 248, 249, 250, 251, 252, 253, 254, 255, 256, 257, 258, 259, 260, 261, 262, 263, 264, 265, 266, 267, 285, 291, 292, 298, 323, 324, 334, 336, 340, 341, 342, 343, 344, 345, 346, 347, 364, 366, 377, 378, 379, 380, 381, 382, 383, 384, 385, 386, 387, 388, 389, 390, 391, 392, 393, 394, 403, 405, 423, 424, 425, 426, 427, 428, 430, 480, 481, 491, 492, 498, 499, 500, 510], "excluded_lines": [], "functions": {"MarketCache.__init__": {"executed_lines": [75, 76, 77, 78], "summary": {"covered_lines": 4, "num_statements": 4, "percent_covered": 100.0, "percent_covered_display": "100", "missing_lines": 0, "excluded_lines": 0, "percent_statements_covered": 100.0, "percent_statements_covered_display": "100"}, "missing_lines": [], "excluded_lines": []}, "MarketCache._get_conn": {"executed_lines": [81, 82, 83, 84, 85], "summary": {"covered_lines": 5, "num_statements": 5, "percent_covered": 100.0, "percent_covered_display": "100", "missing_lines": 0, "excluded_lines": 0, "percent_statements_covered": 100.0, "percent_statements_covered_display": "100"}, "missing_lines": [], "excluded_lines": []}, "MarketCache._init_db": {"executed_lines": [88, 89, 90, 97], "summary": {"covered_lines": 4, "num_statements": 4, "percent_covered": 100.0, "percent_covered_display": "100", "missing_lines": 0, "excluded_lines": 0, "percent_statements_covered": 100.0, "percent_statements_covered_display": "100"}, "missing_lines": [], "excluded_lines": []}, "MarketCache.get": {"executed_lines": [100, 101, 102, 103, 104, 105, 106, 109], "summary": {"covered_lines": 8, "num_statements": 10, "percent_covered": 80.0, "percent_covered_display": "80", "missing_lines": 2, "excluded_lines": 0, "percent_statements_covered": 80.0, "percent_statements_covered_display": "80"}, "missing_lines": [107, 108], "excluded_lines": []}, "MarketCache.set": {"executed_lines": [112, 114, 115, 116, 117, 118, 122], "summary": {"covered_lines": 7, "num_statements": 8, "percent_covered": 87.5, "percent_covered_display": "88", "missing_lines": 1, "excluded_lines": 0, "percent_statements_covered": 87.5, "percent_statements_covered_display": "88"}, "missing_lines": [113], "excluded_lines": []}, "get_dynamic_ttl": {"executed_lines": [130], "summary": {"covered_lines": 1, "num_statements": 1, "percent_covered": 100.0, "percent_covered_display": "100", "missing_lines": 0, "excluded_lines": 0, "percent_statements_covered": 100.0, "percent_statements_covered_display": "100"}, "missing_lines": [], "excluded_lines": []}, "retry_fetch": {"executed_lines": [], "summary": {"covered_lines": 0, "num_statements": 8, "percent_covered": 0.0, "percent_covered_display": "0", "missing_lines": 8, "excluded_lines": 0, "percent_statements_covered": 0.0, "percent_statements_covered_display": "0"}, "missing_lines": [134, 135, 136, 137, 138, 139, 140, 141], "excluded_lines": []}, "map_symbol": {"executed_lines": [145, 147, 149, 150, 151, 153], "summary": {"covered_lines": 6, "num_statements": 9, "percent_covered": 66.66666666666667, "percent_covered_display": "67", "missing_lines": 3, "excluded_lines": 0, "percent_statements_covered": 66.66666666666667, "percent_statements_covered_display": "67"}, "missing_lines": [146, 148, 152], "excluded_lines": []}, "is_etf": {"executed_lines": [157], "summary": {"covered_lines": 1, "num_statements": 1, "percent_covered": 100.0, "percent_covered_display": "100", "missing_lines": 0, "excluded_lines": 0, "percent_statements_covered": 100.0, "percent_statements_covered_display": "100"}, "missing_lines": [], "excluded_lines": []}, "should_skip_earnings": {"executed_lines": [161, 162, 164], "summary": {"covered_lines": 3, "num_statements": 4, "percent_covered": 75.0, "percent_covered_display": "75", "missing_lines": 1, "excluded_lines": 0, "percent_statements_covered": 75.0, "percent_statements_covered_display": "75"}, "missing_lines": [163], "excluded_lines": []}, "normalize_iv": {"executed_lines": [168, 170, 171, 172, 173, 174, 175, 176, 177, 178], "summary": {"covered_lines": 10, "num_statements": 11, "percent_covered": 90.9090909090909, "percent_covered_display": "91", "missing_lines": 1, "excluded_lines": 0, "percent_statements_covered": 90.9090909090909, "percent_statements_covered_display": "91"}, "missing_lines": [169], "excluded_lines": []}, "get_price": {"executed_lines": [184, 185, 186, 187, 193, 195, 196, 198, 200, 201, 204, 206, 207, 208, 209, 210, 211, 212], "summary": {"covered_lines": 18, "num_statements": 23, "percent_covered": 78.26086956521739, "percent_covered_display": "78", "missing_lines": 5, "excluded_lines": 0, "percent_statements_covered": 78.26086956521739, "percent_statements_covered_display": "78"}, "missing_lines": [188, 189, 190, 191, 202], "excluded_lines": []}, "calculate_hv": {"executed_lines": [218, 219, 220, 221, 223, 224, 225, 227, 229, 232, 238, 239], "summary": {"covered_lines": 12, "num_statements": 16, "percent_covered": 75.0, "percent_covered_display": "75", "missing_lines": 4, "excluded_lines": 0, "percent_statements_covered": 75.0, "percent_statements_covered_display": "75"}, "missing_lines": [222, 226, 240, 241], "excluded_lines": []}, "calculate_hv._vol": {"executed_lines": [230], "summary": {"covered_lines": 1, "num_statements": 1, "percent_covered": 100.0, "percent_covered_display": "100", "missing_lines": 0, "excluded_lines": 0, "percent_statements_covered": 100.0, "percent_statements_covered_display": "100"}, "missing_lines": [], "excluded_lines": []}, "calculate_hv_rank": {"executed_lines": [], "summary": {"covered_lines": 0, "num_statements": 21, "percent_covered": 0.0, "percent_covered_display": "0", "missing_lines": 21, "excluded_lines": 0, "percent_statements_covered": 0.0, "percent_statements_covered_display": "0"}, "missing_lines": [247, 248, 249, 250, 251, 252, 253, 254, 255, 256, 257, 258, 259, 260, 261, 262, 263, 264, 265, 266, 267], "excluded_lines": []}, "get_current_iv": {"executed_lines": [277, 278, 279, 280, 281, 282, 283, 284, 286, 287, 288, 289, 290, 293, 294, 295, 296, 297, 299, 302, 303, 304, 305, 306, 307, 308, 309, 321, 322], "summary": {"covered_lines": 29, "num_statements": 35, "percent_covered": 82.85714285714286, "percent_covered_display": "83", "missing_lines": 6, "excluded_lines": 0, "percent_statements_covered": 82.85714285714286, "percent_statements_covered_display": "83"}, "missing_lines": [285, 291, 292, 298, 323, 324], "excluded_lines": []}, "get_earnings_date": {"executed_lines": [330, 331, 332, 333, 335, 337, 338, 339, 348], "summary": {"covered_lines": 9, "num_statements": 19, "percent_covered": 47.36842105263158, "percent_covered_display": "47", "missing_lines": 10, "excluded_lines": 0, "percent_statements_covered": 47.36842105263158, "percent_statements_covered_display": "47"}, "missing_lines": [334, 336, 340, 341, 342, 343, 344, 345, 346, 347], "excluded_lines": []}, "safe_get_sector": {"executed_lines": [358, 359, 360, 361, 362, 363, 365, 367, 368, 369, 370, 371, 372, 373], "summary": {"covered_lines": 14, "num_statements": 16, "percent_covered": 87.5, "percent_covered_display": "88", "missing_lines": 2, "excluded_lines": 0, "percent_statements_covered": 87.5, "percent_statements_covered_display": "88"}, "missing_lines": [364, 366], "excluded_lines": []}, "get_proxy_iv_and_hv": {"executed_lines": [], "summary": {"covered_lines": 0, "num_statements": 18, "percent_covered": 0.0, "percent_covered_display": "0", "missing_lines": 18, "excluded_lines": 0, "percent_statements_covered": 0.0, "percent_statements_covered_display": "0"}, "missing_lines": [377, 378, 379, 380, 381, 382, 383, 384, 385, 386, 387, 388, 389, 390, 391, 392, 393, 394], "excluded_lines": []}, "process_single_symbol": {"executed_lines": [400, 401, 402, 404, 406, 407, 408, 409, 410, 411, 412, 413, 414, 415, 416, 417, 420, 421, 422, 429, 431, 447, 448, 449, 450, 451], "summary": {"covered_lines": 26, "num_statements": 35, "percent_covered": 74.28571428571429, "percent_covered_display": "74", "missing_lines": 9, "excluded_lines": 0, "percent_statements_covered": 74.28571428571429, "percent_statements_covered_display": "74"}, "missing_lines": [403, 405, 423, 424, 425, 426, 427, 428, 430], "excluded_lines": []}, "YFinanceProvider.__init__": {"executed_lines": [467], "summary": {"covered_lines": 1, "num_statements": 1, "percent_covered": 100.0, "percent_covered_display": "100", "missing_lines": 0, "excluded_lines": 0, "percent_statements_covered": 100.0, "percent_statements_covered_display": "100"}, "missing_lines": [], "excluded_lines": []}, "YFinanceProvider.get_market_data": {"executed_lines": [470, 471, 472, 473, 476, 477, 478, 479, 484, 485, 486, 487, 488], "summary": {"covered_lines": 13, "num_statements": 15, "percent_covered": 86.66666666666667, "percent_covered_display": "87", "missing_lines": 2, "excluded_lines": 0, "percent_statements_covered": 86.66666666666667, "percent_statements_covered_display": "87"}, "missing_lines": [480, 481], "excluded_lines": []}, "YFinanceProvider.get_current_price": {"executed_lines": [], "summary": {"covered_lines": 0, "num_statements": 2, "percent_covered": 0.0, "percent_covered_display": "0", "missing_lines": 2, "excluded_lines": 0, "percent_statements_covered": 0.0, "percent_statements_covered_display": "0"}, "missing_lines": [491, 492], "excluded_lines": []}, "MarketDataFactory.get_provider": {"executed_lines": [], "summary": {"covered_lines": 0, "num_statements": 3, "percent_covered": 0.0, "percent_covered_display": "0", "missing_lines": 3, "excluded_lines": 0, "percent_statements_covered": 0.0, "percent_statements_covered_display": "0"}, "missing_lines": [498, 499, 500], "excluded_lines": []}, "MarketDataService.__init__": {"executed_lines": [505, 506], "summary": {"covered_lines": 2, "num_statements": 2, "percent_covered": 100.0, "percent_covered_display": "100", "missing_lines": 0, "excluded_lines": 0, "percent_statements_covered": 100.0, "percent_statements_covered_display": "100"}, "missing_lines": [], "excluded_lines": []}, "MarketDataService.cache": {"executed_lines": [], "summary": {"covered_lines": 0, "num_statements": 1, "percent_covered": 0.0, "percent_covered_display": "0", "missing_lines": 1, "excluded_lines": 0, "percent_statements_covered": 0.0, "percent_statements_covered_display": "0"}, "missing_lines": [510], "excluded_lines": []}, "MarketDataService.get_market_data": {"executed_lines": [513], "summary": {"covered_lines": 1, "num_statements": 1, "percent_covered": 100.0, "percent_covered_display": "100", "missing_lines": 0, "excluded_lines": 0, "percent_statements_covered": 100.0, "percent_statements_covered_display": "100"}, "missing_lines": [], "excluded_lines": []}, "_get_default_service": {"executed_lines": [521, 522, 523], "summary": {"covered_lines": 3, "num_statements": 3, "percent_covered": 100.0, "percent_covered_display": "100", "missing_lines": 0, "excluded_lines": 0, "percent_statements_covered": 100.0, "percent_statements_covered_display": "100"}, "missing_lines": [], "excluded_lines": []}, "get_market_data": {"executed_lines": [529, 530], "summary": {"covered_lines": 2, "num_statements": 2, "percent_covered": 100.0, "percent_covered_display": "100", "missing_lines": 0, "excluded_lines": 0, "percent_statements_covered": 100.0, "percent_statements_covered_display": "100"}, "missing_lines": [], "excluded_lines": []}, "_reset_default_service": {"executed_lines": [535], "summary": {"covered_lines": 1, "num_statements": 1, "percent_covered": 100.0, "percent_covered_display": "100", "missing_lines": 0, "excluded_lines": 0, "percent_statements_covered": 100.0, "percent_statements_covered_display": "100"}, "missing_lines": [], "excluded_lines": []}, "": {"executed_lines": [1, 2, 3, 4, 5, 6, 7, 8, 9, 10, 11, 12, 14, 18, 19, 25, 33, 35, 36, 37, 38, 40, 41, 42, 43, 44, 45, 46, 47, 48, 49, 50, 51, 52, 53, 55, 56, 57, 61, 62, 63, 64, 66, 67, 73, 74, 80, 87, 99, 111, 125, 129, 133, 144, 156, 160, 167, 181, 215, 244, 270, 327, 351, 376, 397, 454, 456, 465, 466, 469, 490, 495, 496, 497, 503, 504, 508, 509, 512, 516, 519, 526, 533], "summary": {"covered_lines": 83, "num_statements": 90, "percent_covered": 92.22222222222223, "percent_covered_display": "92", "missing_lines": 7, "excluded_lines": 0, "percent_statements_covered": 92.22222222222223, "percent_statements_covered_display": "92"}, "missing_lines": [20, 21, 22, 58, 59, 68, 69], "excluded_lines": []}}, "classes": {"MarketCache": {"executed_lines": [75, 76, 77, 78, 81, 82, 83, 84, 85, 88, 89, 90, 97, 100, 101, 102, 103, 104, 105, 106, 109, 112, 114, 115, 116, 117, 118, 122], "summary": {"covered_lines": 28, "num_statements": 31, "percent_covered": 90.3225806451613, "percent_covered_display": "90", "missing_lines": 3, "excluded_lines": 0, "percent_statements_covered": 90.3225806451613, "percent_statements_covered_display": "90"}, "missing_lines": [107, 108, 113], "excluded_lines": []}, "YFinanceProvider": {"executed_lines": [467, 470, 471, 472, 473, 476, 477, 478, 479, 484, 485, 486, 487, 488], "summary": {"covered_lines": 14, "num_statements": 18, "percent_covered": 77.77777777777777, "percent_covered_display": "78", "missing_lines": 4, "excluded_lines": 0, "percent_statements_covered": 77.77777777777777, "percent_statements_covered_display": "78"}, "missing_lines": [480, 481, 491, 492], "excluded_lines": []}, "MarketDataFactory": {"executed_lines": [], "summary": {"covered_lines": 0, "num_statements": 3, "percent_covered": 0.0, "percent_covered_display": "0", "missing_lines": 3, "excluded_lines": 0, "percent_statements_covered": 0.0, "percent_statements_covered_display": "0"}, "missing_lines": [498, 499, 500], "excluded_lines": []}, "MarketDataService": {"executed_lines": [505, 506, 513], "summary": {"covered_lines": 3, "num_statements": 4, "percent_covered": 75.0, "percent_covered_display": "75", "missing_lines": 1, "excluded_lines": 0, "percent_statements_covered": 75.0, "percent_statements_covered_display": "75"}, "missing_lines": [510], "excluded_lines": []}, "": {"executed_lines": [1, 2, 3, 4, 5, 6, 7, 8, 9, 10, 11, 12, 14, 18, 19, 25, 33, 35, 36, 37, 38, 40, 41, 42, 43, 44, 45, 46, 47, 48, 49, 50, 51, 52, 53, 55, 56, 57, 61, 62, 63, 64, 66, 67, 73, 74, 80, 87, 99, 111, 125, 129, 130, 133, 144, 145, 147, 149, 150, 151, 153, 156, 157, 160, 161, 162, 164, 167, 168, 170, 171, 172, 173, 174, 175, 176, 177, 178, 181, 184, 185, 186, 187, 193, 195, 196, 198, 200, 201, 204, 206, 207, 208, 209, 210, 211, 212, 215, 218, 219, 220, 221, 223, 224, 225, 227, 229, 230, 232, 238, 239, 244, 270, 277, 278, 279, 280, 281, 282, 283, 284, 286, 287, 288, 289, 290, 293, 294, 295, 296, 297, 299, 302, 303, 304, 305, 306, 307, 308, 309, 321, 322, 327, 330, 331, 332, 333, 335, 337, 338, 339, 348, 351, 358, 359, 360, 361, 362, 363, 365, 367, 368, 369, 370, 371, 372, 373, 376, 397, 400, 401, 402, 404, 406, 407, 408, 409, 410, 411, 412, 413, 414, 415, 416, 417, 420, 421, 422, 429, 431, 447, 448, 449, 450, 451, 454, 456, 465, 466, 469, 490, 495, 496, 497, 503, 504, 508, 509, 512, 516, 519, 521, 522, 523, 526, 529, 530, 533, 535], "summary": {"covered_lines": 219, "num_statements": 314, "percent_covered": 69.7452229299363, "percent_covered_display": "70", "missing_lines": 95, "excluded_lines": 0, "percent_statements_covered": 69.7452229299363, "percent_statements_covered_display": "70"}, "missing_lines": [20, 21, 22, 58, 59, 68, 69, 134, 135, 136, 137, 138, 139, 140, 141, 146, 148, 152, 163, 169, 188, 189, 190, 191, 202, 222, 226, 240, 241, 247, 248, 249, 250, 251, 252, 253, 254, 255, 256, 257, 258, 259, 260, 261, 262, 263, 264, 265, 266, 267, 285, 291, 292, 298, 323, 324, 334, 336, 340, 341, 342, 343, 344, 345, 346, 347, 364, 366, 377, 378, 379, 380, 381, 382, 383, 384, 385, 386, 387, 388, 389, 390, 391, 392, 393, 394, 403, 405, 423, 424, 425, 426, 427, 428, 430], "excluded_lines": []}}}, "src/variance/interfaces.py": {"executed_lines": [1, 4, 5, 20, 21, 26, 38], "summary": {"covered_lines": 5, "num_statements": 5, "percent_covered": 100.0, "percent_covered_display": "100", "missing_lines": 0, "excluded_lines": 4, "percent_statements_covered": 100.0, "percent_statements_covered_display": "100"}, "missing_lines": [], "excluded_lines": [36, 37, 40, 41], "functions": {"IMarketDataProvider.get_market_data": {"executed_lines": [], "summary": {"covered_lines": 0, "num_statements": 0, "percent_covered": 100.0, "percent_covered_display": "100", "missing_lines": 0, "excluded_lines": 1, "percent_statements_covered": 100.0, "percent_statements_covered_display": "100"}, "missing_lines": [], "excluded_lines": [36]}, "IMarketDataProvider.get_current_price": {"executed_lines": [], "summary": {"covered_lines": 0, "num_statements": 0, "percent_covered": 100.0, "percent_covered_display": "100", "missing_lines": 0, "excluded_lines": 1, "percent_statements_covered": 100.0, "percent_statements_covered_display": "100"}, "missing_lines": [], "excluded_lines": [40]}, "": {"executed_lines": [1, 4, 5, 20, 21, 26, 38], "summary": {"covered_lines": 5, "num_statements": 5, "percent_covered": 100.0, "percent_covered_display": "100", "missing_lines": 0, "excluded_lines": 1, "percent_statements_covered": 100.0, "percent_statements_covered_display": "100"}, "missing_lines": [], "excluded_lines": [37]}}, "classes": {"MarketData": {"executed_lines": [], "summary": {"covered_lines": 0, "num_statements": 0, "percent_covered": 100.0, "percent_covered_display": "100", "missing_lines": 0, "excluded_lines": 0, "percent_statements_covered": 100.0, "percent_statements_covered_display": "100"}, "missing_lines": [], "excluded_lines": []}, "IMarketDataProvider": {"executed_lines": [], "summary": {"covered_lines": 0, "num_statements": 0, "percent_covered": 100.0, "percent_covered_display": "100", "missing_lines": 0, "excluded_lines": 2, "percent_statements_covered": 100.0, "percent_statements_covered_display": "100"}, "missing_lines": [], "excluded_lines": [36, 40]}, "": {"executed_lines": [1, 4, 5, 20, 21, 26, 38], "summary": {"covered_lines": 5, "num_statements": 5, "percent_covered": 100.0, "percent_covered_display": "100", "missing_lines": 0, "excluded_lines": 1, "percent_statements_covered": 100.0, "percent_statements_covered_display": "100"}, "missing_lines": [], "excluded_lines": [37]}}}, "src/variance/models/__init__.py": {"executed_lines": [1, 7, 8, 9, 11], "summary": {"covered_lines": 4, "num_statements": 4, "percent_covered": 100.0, "percent_covered_display": "100", "missing_lines": 0, "excluded_lines": 0, "percent_statements_covered": 100.0, "percent_statements_covered_display": "100"}, "missing_lines": [], "excluded_lines": [], "functions": {"": {"executed_lines": [1, 7, 8, 9, 11], "summary": {"covered_lines": 4, "num_statements": 4, "percent_covered": 100.0, "percent_covered_display": "100", "missing_lines": 0, "excluded_lines": 0, "percent_statements_covered": 100.0, "percent_statements_covered_display": "100"}, "missing_lines": [], "excluded_lines": []}}, "classes": {"": {"executed_lines": [1, 7, 8, 9, 11], "summary": {"covered_lines": 4, "num_statements": 4, "percent_covered": 100.0, "percent_covered_display": "100", "missing_lines": 0, "excluded_lines": 0, "percent_statements_covered": 100.0, "percent_statements_covered_display": "100"}, "missing_lines": [], "excluded_lines": []}}}, "src/variance/models/actions.py": {"executed_lines": [1, 7, 8, 9, 12, 13, 14, 18, 19, 20, 24, 26, 32, 33, 34, 35, 36, 39, 40, 41, 42, 43, 46, 47, 48, 49, 50, 53, 54, 55, 56, 57, 60, 61, 62, 63, 67, 68, 69, 70, 71, 74, 75, 77, 86, 87, 88, 89, 91, 92, 93, 94], "summary": {"covered_lines": 43, "num_statements": 45, "percent_covered": 95.55555555555556, "percent_covered_display": "96", "missing_lines": 2, "excluded_lines": 0, "percent_statements_covered": 95.55555555555556, "percent_statements_covered_display": "96"}, "missing_lines": [22, 64], "excluded_lines": [], "functions": {"ActionCommand.action_code": {"executed_lines": [], "summary": {"covered_lines": 0, "num_statements": 1, "percent_covered": 0.0, "percent_covered_display": "0", "missing_lines": 1, "excluded_lines": 0, "percent_statements_covered": 0.0, "percent_statements_covered_display": "0"}, "missing_lines": [22], "excluded_lines": []}, "ActionCommand.to_dict": {"executed_lines": [26], "summary": {"covered_lines": 1, "num_statements": 1, "percent_covered": 100.0, "percent_covered_display": "100", "missing_lines": 0, "excluded_lines": 0, "percent_statements_covered": 100.0, "percent_statements_covered_display": "100"}, "missing_lines": [], "excluded_lines": []}, "HarvestCommand.action_code": {"executed_lines": [36], "summary": {"covered_lines": 1, "num_statements": 1, "percent_covered": 100.0, "percent_covered_display": "100", "missing_lines": 0, "excluded_lines": 0, "percent_statements_covered": 100.0, "percent_statements_covered_display": "100"}, "missing_lines": [], "excluded_lines": []}, "DefenseCommand.action_code": {"executed_lines": [43], "summary": {"covered_lines": 1, "num_statements": 1, "percent_covered": 100.0, "percent_covered_display": "100", "missing_lines": 0, "excluded_lines": 0, "percent_statements_covered": 100.0, "percent_statements_covered_display": "100"}, "missing_lines": [], "excluded_lines": []}, "GammaCommand.action_code": {"executed_lines": [50], "summary": {"covered_lines": 1, "num_statements": 1, "percent_covered": 100.0, "percent_covered_display": "100", "missing_lines": 0, "excluded_lines": 0, "percent_statements_covered": 100.0, "percent_statements_covered_display": "100"}, "missing_lines": [], "excluded_lines": []}, "ToxicCommand.action_code": {"executed_lines": [57], "summary": {"covered_lines": 1, "num_statements": 1, "percent_covered": 100.0, "percent_covered_display": "100", "missing_lines": 0, "excluded_lines": 0, "percent_statements_covered": 100.0, "percent_statements_covered_display": "100"}, "missing_lines": [], "excluded_lines": []}, "ScalableCommand.action_code": {"executed_lines": [], "summary": {"covered_lines": 0, "num_statements": 1, "percent_covered": 0.0, "percent_covered_display": "0", "missing_lines": 1, "excluded_lines": 0, "percent_statements_covered": 0.0, "percent_statements_covered_display": "0"}, "missing_lines": [64], "excluded_lines": []}, "HedgeCheckCommand.action_code": {"executed_lines": [71], "summary": {"covered_lines": 1, "num_statements": 1, "percent_covered": 100.0, "percent_covered_display": "100", "missing_lines": 0, "excluded_lines": 0, "percent_statements_covered": 100.0, "percent_statements_covered_display": "100"}, "missing_lines": [], "excluded_lines": []}, "ActionFactory.create": {"executed_lines": [88, 89, 91, 92, 93, 94], "summary": {"covered_lines": 6, "num_statements": 6, "percent_covered": 100.0, "percent_covered_display": "100", "missing_lines": 0, "excluded_lines": 0, "percent_statements_covered": 100.0, "percent_statements_covered_display": "100"}, "missing_lines": [], "excluded_lines": []}, "": {"executed_lines": [1, 7, 8, 9, 12, 13, 14, 18, 19, 20, 24, 32, 33, 34, 35, 39, 40, 41, 42, 46, 47, 48, 49, 53, 54, 55, 56, 60, 61, 62, 63, 67, 68, 69, 70, 74, 75, 77, 86, 87], "summary": {"covered_lines": 31, "num_statements": 31, "percent_covered": 100.0, "percent_covered_display": "100", "missing_lines": 0, "excluded_lines": 0, "percent_statements_covered": 100.0, "percent_statements_covered_display": "100"}, "missing_lines": [], "excluded_lines": []}}, "classes": {"ActionCommand": {"executed_lines": [26], "summary": {"covered_lines": 1, "num_statements": 2, "percent_covered": 50.0, "percent_covered_display": "50", "missing_lines": 1, "excluded_lines": 0, "percent_statements_covered": 50.0, "percent_statements_covered_display": "50"}, "missing_lines": [22], "excluded_lines": []}, "HarvestCommand": {"executed_lines": [36], "summary": {"covered_lines": 1, "num_statements": 1, "percent_covered": 100.0, "percent_covered_display": "100", "missing_lines": 0, "excluded_lines": 0, "percent_statements_covered": 100.0, "percent_statements_covered_display": "100"}, "missing_lines": [], "excluded_lines": []}, "DefenseCommand": {"executed_lines": [43], "summary": {"covered_lines": 1, "num_statements": 1, "percent_covered": 100.0, "percent_covered_display": "100", "missing_lines": 0, "excluded_lines": 0, "percent_statements_covered": 100.0, "percent_statements_covered_display": "100"}, "missing_lines": [], "excluded_lines": []}, "GammaCommand": {"executed_lines": [50], "summary": {"covered_lines": 1, "num_statements": 1, "percent_covered": 100.0, "percent_covered_display": "100", "missing_lines": 0, "excluded_lines": 0, "percent_statements_covered": 100.0, "percent_statements_covered_display": "100"}, "missing_lines": [], "excluded_lines": []}, "ToxicCommand": {"executed_lines": [57], "summary": {"covered_lines": 1, "num_statements": 1, "percent_covered": 100.0, "percent_covered_display": "100", "missing_lines": 0, "excluded_lines": 0, "percent_statements_covered": 100.0, "percent_statements_covered_display": "100"}, "missing_lines": [], "excluded_lines": []}, "ScalableCommand": {"executed_lines": [], "summary": {"covered_lines": 0, "num_statements": 1, "percent_covered": 0.0, "percent_covered_display": "0", "missing_lines": 1, "excluded_lines": 0, "percent_statements_covered": 0.0, "percent_statements_covered_display": "0"}, "missing_lines": [64], "excluded_lines": []}, "HedgeCheckCommand": {"executed_lines": [71], "summary": {"covered_lines": 1, "num_statements": 1, "percent_covered": 100.0, "percent_covered_display": "100", "missing_lines": 0, "excluded_lines": 0, "percent_statements_covered": 100.0, "percent_statements_covered_display": "100"}, "missing_lines": [], "excluded_lines": []}, "ActionFactory": {"executed_lines": [88, 89, 91, 92, 93, 94], "summary": {"covered_lines": 6, "num_statements": 6, "percent_covered": 100.0, "percent_covered_display": "100", "missing_lines": 0, "excluded_lines": 0, "percent_statements_covered": 100.0, "percent_statements_covered_display": "100"}, "missing_lines": [], "excluded_lines": []}, "": {"executed_lines": [1, 7, 8, 9, 12, 13, 14, 18, 19, 20, 24, 32, 33, 34, 35, 39, 40, 41, 42, 46, 47, 48, 49, 53, 54, 55, 56, 60, 61, 62, 63, 67, 68, 69, 70, 74, 75, 77, 86, 87], "summary": {"covered_lines": 31, "num_statements": 31, "percent_covered": 100.0, "percent_covered_display": "100", "missing_lines": 0, "excluded_lines": 0, "percent_statements_covered": 100.0, "percent_statements_covered_display": "100"}, "missing_lines": [], "excluded_lines": []}}}, "src/variance/models/cluster.py": {"executed_lines": [1, 7, 8, 10, 11, 14, 15, 16, 23, 24, 27, 28, 30, 31, 32, 34, 35, 36, 38, 39, 40, 42, 43, 44, 46, 47, 48, 50, 51, 52, 54, 55, 56, 57], "summary": {"covered_lines": 32, "num_statements": 32, "percent_covered": 100.0, "percent_covered_display": "100", "missing_lines": 0, "excluded_lines": 0, "percent_statements_covered": 100.0, "percent_statements_covered_display": "100"}, "missing_lines": [], "excluded_lines": [], "functions": {"StrategyCluster.name": {"executed_lines": [27, 28], "summary": {"covered_lines": 2, "num_statements": 2, "percent_covered": 100.0, "percent_covered_display": "100", "missing_lines": 0, "excluded_lines": 0, "percent_statements_covered": 100.0, "percent_statements_covered_display": "100"}, "missing_lines": [], "excluded_lines": []}, "StrategyCluster.strategy_id": {"executed_lines": [32], "summary": {"covered_lines": 1, "num_statements": 1, "percent_covered": 100.0, "percent_covered_display": "100", "missing_lines": 0, "excluded_lines": 0, "percent_statements_covered": 100.0, "percent_statements_covered_display": "100"}, "missing_lines": [], "excluded_lines": []}, "StrategyCluster.root_symbol": {"executed_lines": [36], "summary": {"covered_lines": 1, "num_statements": 1, "percent_covered": 100.0, "percent_covered_display": "100", "missing_lines": 0, "excluded_lines": 0, "percent_statements_covered": 100.0, "percent_statements_covered_display": "100"}, "missing_lines": [], "excluded_lines": []}, "StrategyCluster.net_pl": {"executed_lines": [40], "summary": {"covered_lines": 1, "num_statements": 1, "percent_covered": 100.0, "percent_covered_display": "100", "missing_lines": 0, "excluded_lines": 0, "percent_statements_covered": 100.0, "percent_statements_covered_display": "100"}, "missing_lines": [], "excluded_lines": []}, "StrategyCluster.net_cost": {"executed_lines": [44], "summary": {"covered_lines": 1, "num_statements": 1, "percent_covered": 100.0, "percent_covered_display": "100", "missing_lines": 0, "excluded_lines": 0, "percent_statements_covered": 100.0, "percent_statements_covered_display": "100"}, "missing_lines": [], "excluded_lines": []}, "StrategyCluster.total_delta": {"executed_lines": [48], "summary": {"covered_lines": 1, "num_statements": 1, "percent_covered": 100.0, "percent_covered_display": "100", "missing_lines": 0, "excluded_lines": 0, "percent_statements_covered": 100.0, "percent_statements_covered_display": "100"}, "missing_lines": [], "excluded_lines": []}, "StrategyCluster.total_theta": {"executed_lines": [52], "summary": {"covered_lines": 1, "num_statements": 1, "percent_covered": 100.0, "percent_covered_display": "100", "missing_lines": 0, "excluded_lines": 0, "percent_statements_covered": 100.0, "percent_statements_covered_display": "100"}, "missing_lines": [], "excluded_lines": []}, "StrategyCluster.min_dte": {"executed_lines": [56, 57], "summary": {"covered_lines": 2, "num_statements": 2, "percent_covered": 100.0, "percent_covered_display": "100", "missing_lines": 0, "excluded_lines": 0, "percent_statements_covered": 100.0, "percent_statements_covered_display": "100"}, "missing_lines": [], "excluded_lines": []}, "": {"executed_lines": [1, 7, 8, 10, 11, 14, 15, 16, 23, 24, 30, 31, 34, 35, 38, 39, 42, 43, 46, 47, 50, 51, 54, 55], "summary": {"covered_lines": 22, "num_statements": 22, "percent_covered": 100.0, "percent_covered_display": "100", "missing_lines": 0, "excluded_lines": 0, "percent_statements_covered": 100.0, "percent_statements_covered_display": "100"}, "missing_lines": [], "excluded_lines": []}}, "classes": {"StrategyCluster": {"executed_lines": [27, 28, 32, 36, 40, 44, 48, 52, 56, 57], "summary": {"covered_lines": 10, "num_statements": 10, "percent_covered": 100.0, "percent_covered_display": "100", "missing_lines": 0, "excluded_lines": 0, "percent_statements_covered": 100.0, "percent_statements_covered_display": "100"}, "missing_lines": [], "excluded_lines": []}, "": {"executed_lines": [1, 7, 8, 10, 11, 14, 15, 16, 23, 24, 30, 31, 34, 35, 38, 39, 42, 43, 46, 47, 50, 51, 54, 55], "summary": {"covered_lines": 22, "num_statements": 22, "percent_covered": 100.0, "percent_covered_display": "100", "missing_lines": 0, "excluded_lines": 0, "percent_statements_covered": 100.0, "percent_statements_covered_display": "100"}, "missing_lines": [], "excluded_lines": []}}}, "src/variance/models/market_specs.py": {"executed_lines": [1, 6, 8, 11, 13, 14, 15, 16, 17, 19, 20, 23, 24, 25, 28, 29, 30, 31, 33, 34, 36, 37, 38, 39, 40, 41, 43, 44, 47, 48, 51, 52, 53, 54, 56, 57, 58, 61, 62, 63, 64, 66, 67, 68, 69, 70, 73, 74, 75, 76, 78, 79, 80, 83, 84, 85, 86, 87, 88], "summary": {"covered_lines": 53, "num_statements": 54, "percent_covered": 98.14814814814815, "percent_covered_display": "98", "missing_lines": 1, "excluded_lines": 0, "percent_statements_covered": 98.14814814814815, "percent_statements_covered_display": "98"}, "missing_lines": [21], "excluded_lines": [], "functions": {"LiquiditySpec.__init__": {"executed_lines": [15, 16, 17], "summary": {"covered_lines": 3, "num_statements": 3, "percent_covered": 100.0, "percent_covered_display": "100", "missing_lines": 0, "excluded_lines": 0, "percent_statements_covered": 100.0, "percent_statements_covered_display": "100"}, "missing_lines": [], "excluded_lines": []}, "LiquiditySpec.is_satisfied_by": {"executed_lines": [20, 23, 24, 25, 28, 29, 30, 31, 33, 34, 36, 37, 38, 39, 40, 41, 43, 44, 47, 48], "summary": {"covered_lines": 20, "num_statements": 21, "percent_covered": 95.23809523809524, "percent_covered_display": "95", "missing_lines": 1, "excluded_lines": 0, "percent_statements_covered": 95.23809523809524, "percent_statements_covered_display": "95"}, "missing_lines": [21], "excluded_lines": []}, "VrpStructuralSpec.__init__": {"executed_lines": [54], "summary": {"covered_lines": 1, "num_statements": 1, "percent_covered": 100.0, "percent_covered_display": "100", "missing_lines": 0, "excluded_lines": 0, "percent_statements_covered": 100.0, "percent_statements_covered_display": "100"}, "missing_lines": [], "excluded_lines": []}, "VrpStructuralSpec.is_satisfied_by": {"executed_lines": [57, 58], "summary": {"covered_lines": 2, "num_statements": 2, "percent_covered": 100.0, "percent_covered_display": "100", "missing_lines": 0, "excluded_lines": 0, "percent_statements_covered": 100.0, "percent_statements_covered_display": "100"}, "missing_lines": [], "excluded_lines": []}, "LowVolTrapSpec.__init__": {"executed_lines": [64], "summary": {"covered_lines": 1, "num_statements": 1, "percent_covered": 100.0, "percent_covered_display": "100", "missing_lines": 0, "excluded_lines": 0, "percent_statements_covered": 100.0, "percent_statements_covered_display": "100"}, "missing_lines": [], "excluded_lines": []}, "LowVolTrapSpec.is_satisfied_by": {"executed_lines": [67, 68, 69, 70], "summary": {"covered_lines": 4, "num_statements": 4, "percent_covered": 100.0, "percent_covered_display": "100", "missing_lines": 0, "excluded_lines": 0, "percent_statements_covered": 100.0, "percent_statements_covered_display": "100"}, "missing_lines": [], "excluded_lines": []}, "SectorExclusionSpec.__init__": {"executed_lines": [76], "summary": {"covered_lines": 1, "num_statements": 1, "percent_covered": 100.0, "percent_covered_display": "100", "missing_lines": 0, "excluded_lines": 0, "percent_statements_covered": 100.0, "percent_statements_covered_display": "100"}, "missing_lines": [], "excluded_lines": []}, "SectorExclusionSpec.is_satisfied_by": {"executed_lines": [79, 80], "summary": {"covered_lines": 2, "num_statements": 2, "percent_covered": 100.0, "percent_covered_display": "100", "missing_lines": 0, "excluded_lines": 0, "percent_statements_covered": 100.0, "percent_statements_covered_display": "100"}, "missing_lines": [], "excluded_lines": []}, "DataIntegritySpec.is_satisfied_by": {"executed_lines": [86, 87, 88], "summary": {"covered_lines": 3, "num_statements": 3, "percent_covered": 100.0, "percent_covered_display": "100", "missing_lines": 0, "excluded_lines": 0, "percent_statements_covered": 100.0, "percent_statements_covered_display": "100"}, "missing_lines": [], "excluded_lines": []}, "": {"executed_lines": [1, 6, 8, 11, 13, 14, 19, 51, 52, 53, 56, 61, 62, 63, 66, 73, 74, 75, 78, 83, 84, 85], "summary": {"covered_lines": 16, "num_statements": 16, "percent_covered": 100.0, "percent_covered_display": "100", "missing_lines": 0, "excluded_lines": 0, "percent_statements_covered": 100.0, "percent_statements_covered_display": "100"}, "missing_lines": [], "excluded_lines": []}}, "classes": {"LiquiditySpec": {"executed_lines": [15, 16, 17, 20, 23, 24, 25, 28, 29, 30, 31, 33, 34, 36, 37, 38, 39, 40, 41, 43, 44, 47, 48], "summary": {"covered_lines": 23, "num_statements": 24, "percent_covered": 95.83333333333333, "percent_covered_display": "96", "missing_lines": 1, "excluded_lines": 0, "percent_statements_covered": 95.83333333333333, "percent_statements_covered_display": "96"}, "missing_lines": [21], "excluded_lines": []}, "VrpStructuralSpec": {"executed_lines": [54, 57, 58], "summary": {"covered_lines": 3, "num_statements": 3, "percent_covered": 100.0, "percent_covered_display": "100", "missing_lines": 0, "excluded_lines": 0, "percent_statements_covered": 100.0, "percent_statements_covered_display": "100"}, "missing_lines": [], "excluded_lines": []}, "LowVolTrapSpec": {"executed_lines": [64, 67, 68, 69, 70], "summary": {"covered_lines": 5, "num_statements": 5, "percent_covered": 100.0, "percent_covered_display": "100", "missing_lines": 0, "excluded_lines": 0, "percent_statements_covered": 100.0, "percent_statements_covered_display": "100"}, "missing_lines": [], "excluded_lines": []}, "SectorExclusionSpec": {"executed_lines": [76, 79, 80], "summary": {"covered_lines": 3, "num_statements": 3, "percent_covered": 100.0, "percent_covered_display": "100", "missing_lines": 0, "excluded_lines": 0, "percent_statements_covered": 100.0, "percent_statements_covered_display": "100"}, "missing_lines": [], "excluded_lines": []}, "DataIntegritySpec": {"executed_lines": [86, 87, 88], "summary": {"covered_lines": 3, "num_statements": 3, "percent_covered": 100.0, "percent_covered_display": "100", "missing_lines": 0, "excluded_lines": 0, "percent_statements_covered": 100.0, "percent_statements_covered_display": "100"}, "missing_lines": [], "excluded_lines": []}, "": {"executed_lines": [1, 6, 8, 11, 13, 14, 19, 51, 52, 53, 56, 61, 62, 63, 66, 73, 74, 75, 78, 83, 84, 85], "summary": {"covered_lines": 16, "num_statements": 16, "percent_covered": 100.0, "percent_covered_display": "100", "missing_lines": 0, "excluded_lines": 0, "percent_statements_covered": 100.0, "percent_statements_covered_display": "100"}, "missing_lines": [], "excluded_lines": []}}}, "src/variance/models/portfolio.py": {"executed_lines": [1, 7, 8, 10, 13, 14, 15, 19, 20, 21, 23, 24, 25, 27, 28, 29, 31, 32, 33], "summary": {"covered_lines": 17, "num_statements": 17, "percent_covered": 100.0, "percent_covered_display": "100", "missing_lines": 0, "excluded_lines": 0, "percent_statements_covered": 100.0, "percent_statements_covered_display": "100"}, "missing_lines": [], "excluded_lines": [], "functions": {"Portfolio.total_theta": {"executed_lines": [25], "summary": {"covered_lines": 1, "num_statements": 1, "percent_covered": 100.0, "percent_covered_display": "100", "missing_lines": 0, "excluded_lines": 0, "percent_statements_covered": 100.0, "percent_statements_covered_display": "100"}, "missing_lines": [], "excluded_lines": []}, "Portfolio.total_delta": {"executed_lines": [29], "summary": {"covered_lines": 1, "num_statements": 1, "percent_covered": 100.0, "percent_covered_display": "100", "missing_lines": 0, "excluded_lines": 0, "percent_statements_covered": 100.0, "percent_statements_covered_display": "100"}, "missing_lines": [], "excluded_lines": []}, "Portfolio.cluster_count": {"executed_lines": [33], "summary": {"covered_lines": 1, "num_statements": 1, "percent_covered": 100.0, "percent_covered_display": "100", "missing_lines": 0, "excluded_lines": 0, "percent_statements_covered": 100.0, "percent_statements_covered_display": "100"}, "missing_lines": [], "excluded_lines": []}, "": {"executed_lines": [1, 7, 8, 10, 13, 14, 15, 19, 20, 21, 23, 24, 27, 28, 31, 32], "summary": {"covered_lines": 14, "num_statements": 14, "percent_covered": 100.0, "percent_covered_display": "100", "missing_lines": 0, "excluded_lines": 0, "percent_statements_covered": 100.0, "percent_statements_covered_display": "100"}, "missing_lines": [], "excluded_lines": []}}, "classes": {"Portfolio": {"executed_lines": [25, 29, 33], "summary": {"covered_lines": 3, "num_statements": 3, "percent_covered": 100.0, "percent_covered_display": "100", "missing_lines": 0, "excluded_lines": 0, "percent_statements_covered": 100.0, "percent_statements_covered_display": "100"}, "missing_lines": [], "excluded_lines": []}, "": {"executed_lines": [1, 7, 8, 10, 13, 14, 15, 19, 20, 21, 23, 24, 27, 28, 31, 32], "summary": {"covered_lines": 14, "num_statements": 14, "percent_covered": 100.0, "percent_covered_display": "100", "missing_lines": 0, "excluded_lines": 0, "percent_statements_covered": 100.0, "percent_statements_covered_display": "100"}, "missing_lines": [], "excluded_lines": []}}}, "src/variance/models/position.py": {"executed_lines": [1, 7, 8, 10, 13, 14, 15, 23, 24, 25, 26, 27, 28, 29, 30, 31, 32, 33, 34, 35, 36, 37, 38, 40, 41, 42, 44, 45, 46, 48, 49, 50, 52, 53, 54, 56, 57, 58, 60, 61, 63], "summary": {"covered_lines": 39, "num_statements": 39, "percent_covered": 100.0, "percent_covered_display": "100", "missing_lines": 0, "excluded_lines": 0, "percent_statements_covered": 100.0, "percent_statements_covered_display": "100"}, "missing_lines": [], "excluded_lines": [], "functions": {"Position.root_symbol": {"executed_lines": [42], "summary": {"covered_lines": 1, "num_statements": 1, "percent_covered": 100.0, "percent_covered_display": "100", "missing_lines": 0, "excluded_lines": 0, "percent_statements_covered": 100.0, "percent_statements_covered_display": "100"}, "missing_lines": [], "excluded_lines": []}, "Position.is_option": {"executed_lines": [46], "summary": {"covered_lines": 1, "num_statements": 1, "percent_covered": 100.0, "percent_covered_display": "100", "missing_lines": 0, "excluded_lines": 0, "percent_statements_covered": 100.0, "percent_statements_covered_display": "100"}, "missing_lines": [], "excluded_lines": []}, "Position.is_stock": {"executed_lines": [50], "summary": {"covered_lines": 1, "num_statements": 1, "percent_covered": 100.0, "percent_covered_display": "100", "missing_lines": 0, "excluded_lines": 0, "percent_statements_covered": 100.0, "percent_statements_covered_display": "100"}, "missing_lines": [], "excluded_lines": []}, "Position.is_short": {"executed_lines": [54], "summary": {"covered_lines": 1, "num_statements": 1, "percent_covered": 100.0, "percent_covered_display": "100", "missing_lines": 0, "excluded_lines": 0, "percent_statements_covered": 100.0, "percent_statements_covered_display": "100"}, "missing_lines": [], "excluded_lines": []}, "Position.is_long": {"executed_lines": [58], "summary": {"covered_lines": 1, "num_statements": 1, "percent_covered": 100.0, "percent_covered_display": "100", "missing_lines": 0, "excluded_lines": 0, "percent_statements_covered": 100.0, "percent_statements_covered_display": "100"}, "missing_lines": [], "excluded_lines": []}, "Position.from_row": {"executed_lines": [63], "summary": {"covered_lines": 1, "num_statements": 1, "percent_covered": 100.0, "percent_covered_display": "100", "missing_lines": 0, "excluded_lines": 0, "percent_statements_covered": 100.0, "percent_statements_covered_display": "100"}, "missing_lines": [], "excluded_lines": []}, "": {"executed_lines": [1, 7, 8, 10, 13, 14, 15, 23, 24, 25, 26, 27, 28, 29, 30, 31, 32, 33, 34, 35, 36, 37, 38, 40, 41, 44, 45, 48, 49, 52, 53, 56, 57, 60, 61], "summary": {"covered_lines": 33, "num_statements": 33, "percent_covered": 100.0, "percent_covered_display": "100", "missing_lines": 0, "excluded_lines": 0, "percent_statements_covered": 100.0, "percent_statements_covered_display": "100"}, "missing_lines": [], "excluded_lines": []}}, "classes": {"Position": {"executed_lines": [42, 46, 50, 54, 58, 63], "summary": {"covered_lines": 6, "num_statements": 6, "percent_covered": 100.0, "percent_covered_display": "100", "missing_lines": 0, "excluded_lines": 0, "percent_statements_covered": 100.0, "percent_statements_covered_display": "100"}, "missing_lines": [], "excluded_lines": []}, "": {"executed_lines": [1, 7, 8, 10, 13, 14, 15, 23, 24, 25, 26, 27, 28, 29, 30, 31, 32, 33, 34, 35, 36, 37, 38, 40, 41, 44, 45, 48, 49, 52, 53, 56, 57, 60, 61], "summary": {"covered_lines": 33, "num_statements": 33, "percent_covered": 100.0, "percent_covered_display": "100", "missing_lines": 0, "excluded_lines": 0, "percent_statements_covered": 100.0, "percent_statements_covered_display": "100"}, "missing_lines": [], "excluded_lines": []}}}, "src/variance/models/specs.py": {"executed_lines": [1, 8, 9, 11, 14, 15, 17, 18, 22, 23, 25, 26, 28, 29, 32, 33, 35, 36, 38, 39, 42, 43, 45, 46, 48, 49, 52, 53, 55, 56, 58, 59], "summary": {"covered_lines": 27, "num_statements": 28, "percent_covered": 96.42857142857143, "percent_covered_display": "96", "missing_lines": 1, "excluded_lines": 0, "percent_statements_covered": 96.42857142857143, "percent_statements_covered_display": "96"}, "missing_lines": [20], "excluded_lines": [], "functions": {"Specification.is_satisfied_by": {"executed_lines": [], "summary": {"covered_lines": 0, "num_statements": 1, "percent_covered": 0.0, "percent_covered_display": "0", "missing_lines": 1, "excluded_lines": 0, "percent_statements_covered": 0.0, "percent_statements_covered_display": "0"}, "missing_lines": [20], "excluded_lines": []}, "Specification.__and__": {"executed_lines": [23], "summary": {"covered_lines": 1, "num_statements": 1, "percent_covered": 100.0, "percent_covered_display": "100", "missing_lines": 0, "excluded_lines": 0, "percent_statements_covered": 100.0, "percent_statements_covered_display": "100"}, "missing_lines": [], "excluded_lines": []}, "Specification.__or__": {"executed_lines": [26], "summary": {"covered_lines": 1, "num_statements": 1, "percent_covered": 100.0, "percent_covered_display": "100", "missing_lines": 0, "excluded_lines": 0, "percent_statements_covered": 100.0, "percent_statements_covered_display": "100"}, "missing_lines": [], "excluded_lines": []}, "Specification.__invert__": {"executed_lines": [29], "summary": {"covered_lines": 1, "num_statements": 1, "percent_covered": 100.0, "percent_covered_display": "100", "missing_lines": 0, "excluded_lines": 0, "percent_statements_covered": 100.0, "percent_statements_covered_display": "100"}, "missing_lines": [], "excluded_lines": []}, "AndSpecification.__init__": {"executed_lines": [36], "summary": {"covered_lines": 1, "num_statements": 1, "percent_covered": 100.0, "percent_covered_display": "100", "missing_lines": 0, "excluded_lines": 0, "percent_statements_covered": 100.0, "percent_statements_covered_display": "100"}, "missing_lines": [], "excluded_lines": []}, "AndSpecification.is_satisfied_by": {"executed_lines": [39], "summary": {"covered_lines": 1, "num_statements": 1, "percent_covered": 100.0, "percent_covered_display": "100", "missing_lines": 0, "excluded_lines": 0, "percent_statements_covered": 100.0, "percent_statements_covered_display": "100"}, "missing_lines": [], "excluded_lines": []}, "OrSpecification.__init__": {"executed_lines": [46], "summary": {"covered_lines": 1, "num_statements": 1, "percent_covered": 100.0, "percent_covered_display": "100", "missing_lines": 0, "excluded_lines": 0, "percent_statements_covered": 100.0, "percent_statements_covered_display": "100"}, "missing_lines": [], "excluded_lines": []}, "OrSpecification.is_satisfied_by": {"executed_lines": [49], "summary": {"covered_lines": 1, "num_statements": 1, "percent_covered": 100.0, "percent_covered_display": "100", "missing_lines": 0, "excluded_lines": 0, "percent_statements_covered": 100.0, "percent_statements_covered_display": "100"}, "missing_lines": [], "excluded_lines": []}, "NotSpecification.__init__": {"executed_lines": [56], "summary": {"covered_lines": 1, "num_statements": 1, "percent_covered": 100.0, "percent_covered_display": "100", "missing_lines": 0, "excluded_lines": 0, "percent_statements_covered": 100.0, "percent_statements_covered_display": "100"}, "missing_lines": [], "excluded_lines": []}, "NotSpecification.is_satisfied_by": {"executed_lines": [59], "summary": {"covered_lines": 1, "num_statements": 1, "percent_covered": 100.0, "percent_covered_display": "100", "missing_lines": 0, "excluded_lines": 0, "percent_statements_covered": 100.0, "percent_statements_covered_display": "100"}, "missing_lines": [], "excluded_lines": []}, "": {"executed_lines": [1, 8, 9, 11, 14, 15, 17, 18, 22, 25, 28, 32, 33, 35, 38, 42, 43, 45, 48, 52, 53, 55, 58], "summary": {"covered_lines": 18, "num_statements": 18, "percent_covered": 100.0, "percent_covered_display": "100", "missing_lines": 0, "excluded_lines": 0, "percent_statements_covered": 100.0, "percent_statements_covered_display": "100"}, "missing_lines": [], "excluded_lines": []}}, "classes": {"Specification": {"executed_lines": [23, 26, 29], "summary": {"covered_lines": 3, "num_statements": 4, "percent_covered": 75.0, "percent_covered_display": "75", "missing_lines": 1, "excluded_lines": 0, "percent_statements_covered": 75.0, "percent_statements_covered_display": "75"}, "missing_lines": [20], "excluded_lines": []}, "AndSpecification": {"executed_lines": [36, 39], "summary": {"covered_lines": 2, "num_statements": 2, "percent_covered": 100.0, "percent_covered_display": "100", "missing_lines": 0, "excluded_lines": 0, "percent_statements_covered": 100.0, "percent_statements_covered_display": "100"}, "missing_lines": [], "excluded_lines": []}, "OrSpecification": {"executed_lines": [46, 49], "summary": {"covered_lines": 2, "num_statements": 2, "percent_covered": 100.0, "percent_covered_display": "100", "missing_lines": 0, "excluded_lines": 0, "percent_statements_covered": 100.0, "percent_statements_covered_display": "100"}, "missing_lines": [], "excluded_lines": []}, "NotSpecification": {"executed_lines": [56, 59], "summary": {"covered_lines": 2, "num_statements": 2, "percent_covered": 100.0, "percent_covered_display": "100", "missing_lines": 0, "excluded_lines": 0, "percent_statements_covered": 100.0, "percent_statements_covered_display": "100"}, "missing_lines": [], "excluded_lines": []}, "": {"executed_lines": [1, 8, 9, 11, 14, 15, 17, 18, 22, 25, 28, 32, 33, 35, 38, 42, 43, 45, 48, 52, 53, 55, 58], "summary": {"covered_lines": 18, "num_statements": 18, "percent_covered": 100.0, "percent_covered_display": "100", "missing_lines": 0, "excluded_lines": 0, "percent_statements_covered": 100.0, "percent_statements_covered_display": "100"}, "missing_lines": [], "excluded_lines": []}}}, "src/variance/portfolio_parser.py": {"executed_lines": [1, 8, 9, 10, 11, 14, 15, 39, 40, 45, 70, 71, 81, 82, 83, 84, 85, 86, 88, 89, 90, 91, 92, 93, 94, 95, 96, 97, 98, 99, 101, 102, 116, 117, 118, 119, 120, 121, 122, 123, 124, 131, 134, 145, 146, 149, 150, 151, 154, 155, 156, 157, 160, 162, 163, 164, 165, 166, 169, 179, 180, 183, 186, 188, 189, 190, 191, 194, 204, 205, 207, 210, 214, 215, 218, 219, 220, 221, 222, 223, 226, 229, 232, 242, 243, 244, 245], "summary": {"covered_lines": 84, "num_statements": 92, "percent_covered": 91.30434782608695, "percent_covered_display": "91", "missing_lines": 8, "excluded_lines": 0, "percent_statements_covered": 91.30434782608695, "percent_statements_covered_display": "91"}, "missing_lines": [125, 126, 127, 128, 129, 130, 211, 227], "excluded_lines": [], "functions": {"PortfolioParser.normalize_row": {"executed_lines": [81, 82, 83, 84, 85, 86, 88, 89, 90, 91, 92, 93, 94, 95, 96, 97, 98, 99], "summary": {"covered_lines": 18, "num_statements": 18, "percent_covered": 100.0, "percent_covered_display": "100", "missing_lines": 0, "excluded_lines": 0, "percent_statements_covered": 100.0, "percent_statements_covered_display": "100"}, "missing_lines": [], "excluded_lines": []}, "PortfolioParser.parse": {"executed_lines": [116, 117, 118, 119, 120, 121, 122, 123, 124, 131], "summary": {"covered_lines": 10, "num_statements": 16, "percent_covered": 62.5, "percent_covered_display": "62", "missing_lines": 6, "excluded_lines": 0, "percent_statements_covered": 62.5, "percent_statements_covered_display": "62"}, "missing_lines": [125, 126, 127, 128, 129, 130], "excluded_lines": []}, "parse_currency": {"executed_lines": [145, 146, 149, 150, 151, 154, 155, 156, 157, 160, 162, 163, 164, 165, 166], "summary": {"covered_lines": 15, "num_statements": 15, "percent_covered": 100.0, "percent_covered_display": "100", "missing_lines": 0, "excluded_lines": 0, "percent_statements_covered": 100.0, "percent_statements_covered_display": "100"}, "missing_lines": [], "excluded_lines": []}, "parse_dte": {"executed_lines": [179, 180, 183, 186, 188, 189, 190, 191], "summary": {"covered_lines": 8, "num_statements": 8, "percent_covered": 100.0, "percent_covered_display": "100", "missing_lines": 0, "excluded_lines": 0, "percent_statements_covered": 100.0, "percent_statements_covered_display": "100"}, "missing_lines": [], "excluded_lines": []}, "get_root_symbol": {"executed_lines": [204, 205, 207, 210, 214, 215, 218, 219, 220, 221, 222, 223, 226, 229], "summary": {"covered_lines": 14, "num_statements": 16, "percent_covered": 87.5, "percent_covered_display": "88", "missing_lines": 2, "excluded_lines": 0, "percent_statements_covered": 87.5, "percent_statements_covered_display": "88"}, "missing_lines": [211, 227], "excluded_lines": []}, "is_stock_type": {"executed_lines": [242, 243, 244, 245], "summary": {"covered_lines": 4, "num_statements": 4, "percent_covered": 100.0, "percent_covered_display": "100", "missing_lines": 0, "excluded_lines": 0, "percent_statements_covered": 100.0, "percent_statements_covered_display": "100"}, "missing_lines": [], "excluded_lines": []}, "": {"executed_lines": [1, 8, 9, 10, 11, 14, 15, 39, 40, 45, 70, 71, 101, 102, 134, 169, 194, 232], "summary": {"covered_lines": 15, "num_statements": 15, "percent_covered": 100.0, "percent_covered_display": "100", "missing_lines": 0, "excluded_lines": 0, "percent_statements_covered": 100.0, "percent_statements_covered_display": "100"}, "missing_lines": [], "excluded_lines": []}}, "classes": {"NormalizedPosition": {"executed_lines": [], "summary": {"covered_lines": 0, "num_statements": 0, "percent_covered": 100.0, "percent_covered_display": "100", "missing_lines": 0, "excluded_lines": 0, "percent_statements_covered": 100.0, "percent_statements_covered_display": "100"}, "missing_lines": [], "excluded_lines": []}, "PortfolioParser": {"executed_lines": [81, 82, 83, 84, 85, 86, 88, 89, 90, 91, 92, 93, 94, 95, 96, 97, 98, 99, 116, 117, 118, 119, 120, 121, 122, 123, 124, 131], "summary": {"covered_lines": 28, "num_statements": 34, "percent_covered": 82.3529411764706, "percent_covered_display": "82", "missing_lines": 6, "excluded_lines": 0, "percent_statements_covered": 82.3529411764706, "percent_statements_covered_display": "82"}, "missing_lines": [125, 126, 127, 128, 129, 130], "excluded_lines": []}, "": {"executed_lines": [1, 8, 9, 10, 11, 14, 15, 39, 40, 45, 70, 71, 101, 102, 134, 145, 146, 149, 150, 151, 154, 155, 156, 157, 160, 162, 163, 164, 165, 166, 169, 179, 180, 183, 186, 188, 189, 190, 191, 194, 204, 205, 207, 210, 214, 215, 218, 219, 220, 221, 222, 223, 226, 229, 232, 242, 243, 244, 245], "summary": {"covered_lines": 56, "num_statements": 58, "percent_covered": 96.55172413793103, "percent_covered_display": "97", "missing_lines": 2, "excluded_lines": 0, "percent_statements_covered": 96.55172413793103, "percent_statements_covered_display": "97"}, "missing_lines": [211, 227], "excluded_lines": []}}}, "src/variance/strategies/__init__.py": {"executed_lines": [0], "summary": {"covered_lines": 0, "num_statements": 0, "percent_covered": 100.0, "percent_covered_display": "100", "missing_lines": 0, "excluded_lines": 0, "percent_statements_covered": 100.0, "percent_statements_covered_display": "100"}, "missing_lines": [], "excluded_lines": [], "functions": {"": {"executed_lines": [], "summary": {"covered_lines": 0, "num_statements": 0, "percent_covered": 100.0, "percent_covered_display": "100", "missing_lines": 0, "excluded_lines": 0, "percent_statements_covered": 100.0, "percent_statements_covered_display": "100"}, "missing_lines": [], "excluded_lines": []}}, "classes": {"": {"executed_lines": [], "summary": {"covered_lines": 0, "num_statements": 0, "percent_covered": 100.0, "percent_covered_display": "100", "missing_lines": 0, "excluded_lines": 0, "percent_statements_covered": 100.0, "percent_statements_covered_display": "100"}, "missing_lines": [], "excluded_lines": []}}}, "src/variance/strategies/base.py": {"executed_lines": [1, 7, 8, 10, 13, 14, 20, 22, 23, 26, 27, 28, 30, 32, 33, 35, 37, 38, 39, 40, 43, 44, 45, 46, 47, 50, 51, 54, 56, 57, 61, 63, 64, 70, 71, 77, 79, 84, 85], "summary": {"covered_lines": 37, "num_statements": 39, "percent_covered": 94.87179487179488, "percent_covered_display": "95", "missing_lines": 2, "excluded_lines": 0, "percent_statements_covered": 94.87179487179488, "percent_statements_covered_display": "95"}, "missing_lines": [59, 87], "excluded_lines": [], "functions": {"BaseStrategy.register": {"executed_lines": [26, 30], "summary": {"covered_lines": 2, "num_statements": 2, "percent_covered": 100.0, "percent_covered_display": "100", "missing_lines": 0, "excluded_lines": 0, "percent_statements_covered": 100.0, "percent_statements_covered_display": "100"}, "missing_lines": [], "excluded_lines": []}, "BaseStrategy.register.decorator": {"executed_lines": [27, 28], "summary": {"covered_lines": 2, "num_statements": 2, "percent_covered": 100.0, "percent_covered_display": "100", "missing_lines": 0, "excluded_lines": 0, "percent_statements_covered": 100.0, "percent_statements_covered_display": "100"}, "missing_lines": [], "excluded_lines": []}, "BaseStrategy.get_registered_class": {"executed_lines": [35], "summary": {"covered_lines": 1, "num_statements": 1, "percent_covered": 100.0, "percent_covered_display": "100", "missing_lines": 0, "excluded_lines": 0, "percent_statements_covered": 100.0, "percent_statements_covered_display": "100"}, "missing_lines": [], "excluded_lines": []}, "BaseStrategy.__init__": {"executed_lines": [38, 39, 40, 43, 44, 45, 46, 47, 50, 51, 54], "summary": {"covered_lines": 11, "num_statements": 11, "percent_covered": 100.0, "percent_covered_display": "100", "missing_lines": 0, "excluded_lines": 0, "percent_statements_covered": 100.0, "percent_statements_covered_display": "100"}, "missing_lines": [], "excluded_lines": []}, "BaseStrategy.is_tested": {"executed_lines": [], "summary": {"covered_lines": 0, "num_statements": 1, "percent_covered": 0.0, "percent_covered_display": "0", "missing_lines": 1, "excluded_lines": 0, "percent_statements_covered": 0.0, "percent_statements_covered_display": "0"}, "missing_lines": [59], "excluded_lines": []}, "BaseStrategy.check_harvest": {"executed_lines": [63, 64, 70, 71, 77], "summary": {"covered_lines": 5, "num_statements": 5, "percent_covered": 100.0, "percent_covered_display": "100", "missing_lines": 0, "excluded_lines": 0, "percent_statements_covered": 100.0, "percent_statements_covered_display": "100"}, "missing_lines": [], "excluded_lines": []}, "BaseStrategy.check_toxic_theta": {"executed_lines": [84, 85], "summary": {"covered_lines": 2, "num_statements": 3, "percent_covered": 66.66666666666667, "percent_covered_display": "67", "missing_lines": 1, "excluded_lines": 0, "percent_statements_covered": 66.66666666666667, "percent_statements_covered_display": "67"}, "missing_lines": [87], "excluded_lines": []}, "": {"executed_lines": [1, 7, 8, 10, 13, 14, 20, 22, 23, 32, 33, 37, 56, 57, 61, 79], "summary": {"covered_lines": 14, "num_statements": 14, "percent_covered": 100.0, "percent_covered_display": "100", "missing_lines": 0, "excluded_lines": 0, "percent_statements_covered": 100.0, "percent_statements_covered_display": "100"}, "missing_lines": [], "excluded_lines": []}}, "classes": {"BaseStrategy": {"executed_lines": [26, 27, 28, 30, 35, 38, 39, 40, 43, 44, 45, 46, 47, 50, 51, 54, 63, 64, 70, 71, 77, 84, 85], "summary": {"covered_lines": 23, "num_statements": 25, "percent_covered": 92.0, "percent_covered_display": "92", "missing_lines": 2, "excluded_lines": 0, "percent_statements_covered": 92.0, "percent_statements_covered_display": "92"}, "missing_lines": [59, 87], "excluded_lines": []}, "": {"executed_lines": [1, 7, 8, 10, 13, 14, 20, 22, 23, 32, 33, 37, 56, 57, 61, 79], "summary": {"covered_lines": 14, "num_statements": 14, "percent_covered": 100.0, "percent_covered_display": "100", "missing_lines": 0, "excluded_lines": 0, "percent_statements_covered": 100.0, "percent_statements_covered_display": "100"}, "missing_lines": [], "excluded_lines": []}}}, "src/variance/strategies/default.py": {"executed_lines": [1, 7, 9, 12, 13, 14, 19, 21], "summary": {"covered_lines": 6, "num_statements": 6, "percent_covered": 100.0, "percent_covered_display": "100", "missing_lines": 0, "excluded_lines": 0, "percent_statements_covered": 100.0, "percent_statements_covered_display": "100"}, "missing_lines": [], "excluded_lines": [], "functions": {"DefaultStrategy.is_tested": {"executed_lines": [21], "summary": {"covered_lines": 1, "num_statements": 1, "percent_covered": 100.0, "percent_covered_display": "100", "missing_lines": 0, "excluded_lines": 0, "percent_statements_covered": 100.0, "percent_statements_covered_display": "100"}, "missing_lines": [], "excluded_lines": []}, "": {"executed_lines": [1, 7, 9, 12, 13, 14, 19], "summary": {"covered_lines": 5, "num_statements": 5, "percent_covered": 100.0, "percent_covered_display": "100", "missing_lines": 0, "excluded_lines": 0, "percent_statements_covered": 100.0, "percent_statements_covered_display": "100"}, "missing_lines": [], "excluded_lines": []}}, "classes": 
[...]
, 359, 361, 363, 364, 365, 367, 368, 370, 371, 374, 375, 376, 377, 382, 383, 384, 386, 387, 388, 389, 390, 391, 394, 397, 398, 399, 400, 402, 403, 404, 405, 406, 407, 408, 409, 410, 412, 416, 423, 424, 425, 426, 427, 428, 429, 430, 432, 433, 434, 435, 436, 439, 440, 441, 442, 443, 445, 447, 448, 450, 461, 462, 470, 471, 472, 473, 476, 477, 478, 479, 482, 483, 484, 485, 487, 488, 489, 490, 491, 492, 494, 495, 497, 498, 501, 502], "excluded_lines": [], "functions": {"TUIRenderer.__init__": {"executed_lines": [], "summary": {"covered_lines": 0, "num_statements": 3, "percent_covered": 0.0, "percent_covered_display": "0", "missing_lines": 3, "excluded_lines": 0, "percent_statements_covered": 0.0, "percent_statements_covered_display": "0"}, "missing_lines": [33, 34, 35], "excluded_lines": []}, "TUIRenderer.render": {"executed_lines": [], "summary": {"covered_lines": 0, "num_statements": 5, "percent_covered": 0.0, "percent_covered_display": "0", "missing_lines": 5, "excluded_lines": 0, "percent_statements_covered": 0.0, "percent_statements_covered_display": "0"}, "missing_lines": [40, 43, 46, 49, 52], "excluded_lines": []}, "TUIRenderer.render_header": {"executed_lines": [], "summary": {"covered_lines": 0, "num_statements": 80, "percent_covered": 0.0, "percent_covered_display": "0", "missing_lines": 80, "excluded_lines": 0, "percent_statements_covered": 0.0, "percent_statements_covered_display": "0"}, "missing_lines": [56, 57, 58, 61, 62, 63, 66, 69, 73, 74, 75, 76, 77, 78, 81, 82, 84, 85, 86, 87, 88, 90, 92, 101, 102, 103, 104, 105, 107, 108, 112, 113, 114, 116, 117, 120, 121, 122, 124, 125, 126, 127, 128, 129, 130, 131, 132, 133, 136, 141, 142, 144, 145, 146, 147, 148, 149, 151, 152, 153, 154, 155, 156, 159, 160, 162, 164, 165, 166, 167, 168, 169, 170, 171, 172, 173, 178, 180, 182, 183], "excluded_lines": []}, "TUIRenderer.render_triage": {"executed_lines": [], "summary": {"covered_lines": 0, "num_statements": 14, "percent_covered": 0.0, "percent_covered_display": "0", "missing_lines": 14, "excluded_lines": 0, "percent_statements_covered": 0.0, "percent_statements_covered_display": "0"}, "missing_lines": [186, 187, 189, 192, 195, 196, 199, 200, 202, 205, 206, 209, 210, 212], "excluded_lines": []}, "TUIRenderer._add_position_node": {"executed_lines": [], "summary": {"covered_lines": 0, "num_statements": 38, "percent_covered": 0.0, "percent_covered_display": "0", "missing_lines": 38, "excluded_lines": 0, "percent_statements_covered": 0.0, "percent_statements_covered_display": "0"}, "missing_lines": [216, 217, 218, 219, 220, 221, 224, 225, 227, 228, 229, 230, 231, 232, 233, 234, 235, 236, 237, 238, 239, 240, 241, 242, 243, 246, 247, 248, 251, 252, 255, 256, 259, 262, 263, 264, 265, 267], "excluded_lines": []}, "TUIRenderer.render_spectrograph": {"executed_lines": [], "summary": {"covered_lines": 0, "num_statements": 18, "percent_covered": 0.0, "percent_covered_display": "0", "missing_lines": 18, "excluded_lines": 0, "percent_statements_covered": 0.0, "percent_statements_covered_display": "0"}, "missing_lines": [270, 271, 272, 274, 282, 283, 284, 285, 287, 288, 289, 291, 292, 294, 295, 296, 298, 300], "excluded_lines": []}, "TUIRenderer.render_composition": {"executed_lines": [], "summary": {"covered_lines": 0, "num_statements": 13, "percent_covered": 0.0, "percent_covered_display": "0", "missing_lines": 13, "excluded_lines": 0, "percent_statements_covered": 0.0, "percent_statements_covered_display": "0"}, "missing_lines": [304, 305, 307, 308, 311, 312, 313, 316, 346, 347, 349, 351, 359], "excluded_lines": []}, "TUIRenderer.render_composition.build_sub_table": {"executed_lines": [], "summary": {"covered_lines": 0, "num_statements": 13, "percent_covered": 0.0, "percent_covered_display": "0", "missing_lines": 13, "excluded_lines": 0, "percent_statements_covered": 0.0, "percent_statements_covered_display": "0"}, "missing_lines": [317, 327, 328, 329, 332, 334, 335, 336, 339, 340, 341, 343, 344], "excluded_lines": []}, "TUIRenderer.render_opportunities": {"executed_lines": [], "summary": {"covered_lines": 0, "num_statements": 60, "percent_covered": 0.0, "percent_covered_display": "0", "missing_lines": 60, "excluded_lines": 0, "percent_statements_covered": 0.0, "percent_statements_covered_display": "0"}, "missing_lines": [363, 364, 365, 367, 368, 370, 371, 374, 375, 376, 377, 382, 383, 384, 386, 387, 388, 389, 390, 391, 394, 397, 398, 399, 400, 402, 403, 404, 405, 406, 407, 408, 409, 410, 412, 416, 423, 424, 425, 426, 427, 428, 429, 430, 432, 433, 434, 435, 436, 439, 440, 441, 442, 443, 445, 447, 448, 450, 461, 462], "excluded_lines": []}, "fmt_currency": {"executed_lines": [], "summary": {"covered_lines": 0, "num_statements": 3, "percent_covered": 0.0, "percent_covered_display": "0", "missing_lines": 3, "excluded_lines": 0, "percent_statements_covered": 0.0, "percent_statements_covered_display": "0"}, "missing_lines": [471, 472, 473], "excluded_lines": []}, "fmt_percent": {"executed_lines": [], "summary": {"covered_lines": 0, "num_statements": 3, "percent_covered": 0.0, "percent_covered_display": "0", "missing_lines": 3, "excluded_lines": 0, "percent_statements_covered": 0.0, "percent_statements_covered_display": "0"}, "missing_lines": [477, 478, 479], "excluded_lines": []}, "main": {"executed_lines": [], "summary": {"covered_lines": 0, "num_statements": 13, "percent_covered": 0.0, "percent_covered_display": "0", "missing_lines": 13, "excluded_lines": 0, "percent_statements_covered": 0.0, "percent_statements_covered_display": "0"}, "missing_lines": [483, 484, 485, 487, 488, 489, 490, 491, 492, 494, 495, 497, 498], "excluded_lines": []}, "": {"executed_lines": [], "summary": {"covered_lines": 0, "num_statements": 26, "percent_covered": 0.0, "percent_covered_display": "0", "missing_lines": 26, "excluded_lines": 0, "percent_statements_covered": 0.0, "percent_statements_covered_display": "0"}, "missing_lines": [1, 2, 3, 4, 6, 7, 8, 9, 10, 11, 12, 15, 31, 32, 37, 54, 185, 214, 269, 302, 361, 470, 476, 482, 501, 502], "excluded_lines": []}}, "classes": {"TUIRenderer": {"executed_lines": [], "summary": {"covered_lines": 0, "num_statements": 244, "percent_covered": 0.0, "percent_covered_display": "0", "missing_lines": 244, "excluded_lines": 0, "percent_statements_covered": 0.0, "percent_statements_covered_display": "0"}, "missing_lines": [33, 34, 35, 40, 43, 46, 49, 52, 56, 57, 58, 61, 62, 63, 66, 69, 73, 74, 75, 76, 77, 78, 81, 82, 84, 85, 86, 87, 88, 90, 92, 101, 102, 103, 104, 105, 107, 108, 112, 113, 114, 116, 117, 120, 121, 122, 124, 125, 126, 127, 128, 129, 130, 131, 132, 133, 136, 141, 142, 144, 145, 146, 147, 148, 149, 151, 152, 153, 154, 155, 156, 159, 160, 162, 164, 165, 166, 167, 168, 169, 170, 171, 172, 173, 178, 180, 182, 183, 186, 187, 189, 192, 195, 196, 199, 200, 202, 205, 206, 209, 210, 212, 216, 217, 218, 219, 220, 221, 224, 225, 227, 228, 229, 230, 231, 232, 233, 234, 235, 236, 237, 238, 239, 240, 241, 242, 243, 246, 247, 248, 251, 252, 255, 256, 259, 262, 263, 264, 265, 267, 270, 271, 272, 274, 282, 283, 284, 285, 287, 288, 289, 291, 292, 294, 295, 296, 298, 300, 304, 305, 307, 308, 311, 312, 313, 316, 317, 327, 328, 329, 332, 334, 335, 336, 339, 340, 341, 343, 344, 346, 347, 349, 351, 359, 363, 364, 365, 367, 368, 370, 371, 374, 375, 376, 377, 382, 383, 384, 386, 387, 388, 389, 390, 391, 394, 397, 398, 399, 400, 402, 403, 404, 405, 406, 407, 408, 409, 410, 412, 416, 423, 424, 425, 426, 427, 428, 429, 430, 432, 433, 434, 435, 436, 439, 440, 441, 442, 443, 445, 447, 448, 450, 461, 462], "excluded_lines": []}, "": {"executed_lines": [], "summary": {"covered_lines": 0, "num_statements": 45, "percent_covered": 0.0, "percent_covered_display": "0", "missing_lines": 45, "excluded_lines": 0, "percent_statements_covered": 0.0, "percent_statements_covered_display": "0"}, "missing_lines": [1, 2, 3, 4, 6, 7, 8, 9, 10, 11, 12, 15, 31, 32, 37, 54, 185, 214, 269, 302, 361, 470, 471, 472, 473, 476, 477, 478, 479, 482, 483, 484, 485, 487, 488, 489, 490, 491, 492, 494, 495, 497, 498, 501, 502], "excluded_lines": []}}}, "src/variance/variance_logger.py": {"executed_lines": [], "summary": {"covered_lines": 0, "num_statements": 21, "percent_covered": 0.0, "percent_covered_display": "0", "missing_lines": 21, "excluded_lines": 0, "percent_statements_covered": 0.0, "percent_statements_covered_display": "0"}, "missing_lines": [1, 2, 3, 4, 7, 8, 11, 16, 19, 20, 22, 25, 30, 31, 32, 35, 36, 37, 38, 40, 44], "excluded_lines": [], "functions": {"setup_logger": {"executed_lines": [], "summary": {"covered_lines": 0, "num_statements": 13, "percent_covered": 0.0, "percent_covered_display": "0", "missing_lines": 13, "excluded_lines": 0, "percent_statements_covered": 0.0, "percent_statements_covered_display": "0"}, "missing_lines": [16, 19, 20, 22, 25, 30, 31, 32, 35, 36, 37, 38, 40], "excluded_lines": []}, "": {"executed_lines": [], "summary": {"covered_lines": 0, "num_statements": 8, "percent_covered": 0.0, "percent_covered_display": "0", "missing_lines": 8, "excluded_lines": 0, "percent_statements_covered": 0.0, "percent_statements_covered_display": "0"}, "missing_lines": [1, 2, 3, 4, 7, 8, 11, 44], "excluded_lines": []}}, "classes": {"": {"executed_lines": [], "summary": {"covered_lines": 0, "num_statements": 21, "percent_covered": 0.0, "percent_covered_display": "0", "missing_lines": 21, "excluded_lines": 0, "percent_statements_covered": 0.0, "percent_statements_covered_display": "0"}, "missing_lines": [1, 2, 3, 4, 7, 8, 11, 16, 19, 20, 22, 25, 30, 31, 32, 35, 36, 37, 38, 40, 44], "excluded_lines": []}}}, "src/variance/vol_screener.py": {"executed_lines": [1, 2, 3, 4, 5, 6, 7, 10, 11, 12, 13, 22, 23, 24, 25, 26, 27, 28, 29, 30, 31, 32, 35, 67, 77, 78, 88, 94, 95, 98, 103, 104, 106, 107, 108, 109, 110, 111, 112, 113, 114, 117, 118, 120, 121, 122, 125, 127, 137, 138, 139, 144, 157, 160, 161, 164, 191, 198, 199, 201, 202, 206, 207, 210, 213, 214, 216, 219, 223, 225, 227, 230, 232, 234, 235, 243, 257, 262, 263, 264, 265, 268, 269, 272, 273, 274, 277, 278, 279, 280, 284, 285, 286, 288, 294, 300, 303, 306, 326, 327, 329, 330, 331, 332, 334, 335, 337, 338, 339, 340, 341, 342, 343, 344, 345, 348, 349, 350, 352, 353, 354, 355, 361, 365, 366, 369, 370, 371, 372, 373, 374, 375, 376, 377, 378, 379, 382, 383, 384, 386, 389, 390, 393, 394, 396, 398, 401, 404, 408, 409, 411, 412, 413, 415, 416, 418, 419, 424, 425, 428, 429, 430, 433, 434, 437, 439, 440, 441, 444, 445, 446, 448, 450, 451, 453, 455, 456, 457, 458, 459, 460, 461, 462, 464, 465, 466, 467, 468, 469, 470, 473, 474, 478, 479, 480, 481, 482, 483, 487, 488, 490, 494, 495, 496, 499, 500, 502, 503, 505, 508, 513, 516, 522, 523, 526, 537, 540, 543, 546, 547, 548, 551, 554, 555, 560, 585, 586, 590, 591, 592, 594, 595, 598, 601, 604, 606, 609, 614, 615, 616, 617, 618, 620, 622, 628, 629, 631, 634, 636, 655, 658, 750], "summary": {"covered_lines": 252, "num_statements": 354, "percent_covered": 71.1864406779661, "percent_covered_display": "71", "missing_lines": 102, "excluded_lines": 0, "percent_statements_covered": 71.1864406779661, "percent_statements_covered_display": "71"}, "missing_lines": [42, 43, 44, 45, 46, 47, 48, 49, 50, 52, 79, 80, 81, 82, 83, 84, 85, 128, 129, 130, 131, 132, 133, 134, 141, 162, 211, 224, 226, 233, 236, 237, 238, 239, 240, 301, 356, 357, 358, 359, 362, 426, 449, 475, 491, 492, 510, 511, 556, 557, 596, 630, 632, 659, 661, 662, 665, 671, 676, 681, 686, 691, 697, 698, 699, 700, 701, 702, 703, 705, 706, 708, 709, 710, 712, 713, 714, 716, 717, 718, 720, 721, 722, 726, 727, 728, 730, 731, 732, 733, 734, 735, 736, 737, 738, 739, 741, 743, 744, 745, 747, 751], "excluded_lines": [], "functions": {"load_profile_config": {"executed_lines": [], "summary": {"covered_lines": 0, "num_statements": 10, "percent_covered": 0.0, "percent_covered_display": "0", "missing_lines": 10, "excluded_lines": 0, "percent_statements_covered": 0.0, "percent_statements_covered_display": "0"}, "missing_lines": [42, 43, 44, 45, 46, 47, 48, 49, 50, 52], "excluded_lines": []}, "get_days_to_date": {"executed_lines": [77, 78], "summary": {"covered_lines": 2, "num_statements": 9, "percent_covered": 22.22222222222222, "percent_covered_display": "22", "missing_lines": 7, "excluded_lines": 0, "percent_statements_covered": 22.22222222222222, "percent_statements_covered_display": "22"}, "missing_lines": [79, 80, 81, 82, 83, 84, 85], "excluded_lines": []}, "_is_illiquid": {"executed_lines": [94, 95, 98, 103, 104, 106, 107, 108, 109, 110, 111, 112, 113, 114, 117, 118, 120, 121, 122, 125, 127, 137, 138, 139], "summary": {"covered_lines": 24, "num_statements": 32, "percent_covered": 75.0, "percent_covered_display": "75", "missing_lines": 8, "excluded_lines": 0, "percent_statements_covered": 75.0, "percent_statements_covered_display": "75"}, "missing_lines": [128, 129, 130, 131, 132, 133, 134, 141], "excluded_lines": []}, "_create_candidate_flags": {"executed_lines": [157, 160, 161, 164], "summary": {"covered_lines": 4, "num_statements": 5, "percent_covered": 80.0, "percent_covered_display": "80", "missing_lines": 1, "excluded_lines": 0, "percent_statements_covered": 80.0, "percent_statements_covered_display": "80"}, "missing_lines": [162], "excluded_lines": []}, "_determine_signal_type": {"executed_lines": [198, 199, 201, 202, 206, 207, 210, 213, 214, 216], "summary": {"covered_lines": 10, "num_statements": 11, "percent_covered": 90.9090909090909, "percent_covered_display": "91", "missing_lines": 1, "excluded_lines": 0, "percent_statements_covered": 90.9090909090909, "percent_statements_covered_display": "91"}, "missing_lines": [211], "excluded_lines": []}, "_determine_regime_type": {"executed_lines": [223, 225, 227], "summary": {"covered_lines": 3, "num_statements": 5, "percent_covered": 60.0, "percent_covered_display": "60", "missing_lines": 2, "excluded_lines": 0, "percent_statements_covered": 60.0, "percent_statements_covered_display": "60"}, "missing_lines": [224, 226], "excluded_lines": []}, "_get_recommended_environment": {"executed_lines": [232, 234, 235], "summary": {"covered_lines": 3, "num_statements": 9, "percent_covered": 33.333333333333336, "percent_covered_display": "33", "missing_lines": 6, "excluded_lines": 0, "percent_statements_covered": 33.333333333333336, "percent_statements_covered_display": "33"}, "missing_lines": [233, 236, 237, 238, 239, 240], "excluded_lines": []}, "_calculate_variance_score": {"executed_lines": [257, 262, 263, 264, 265, 268, 269, 272, 273, 274, 277, 278, 279, 280, 284, 285, 286, 288, 294, 300, 303], "summary": {"covered_lines": 21, "num_statements": 22, "percent_covered": 95.45454545454545, "percent_covered_display": "95", "missing_lines": 1, "excluded_lines": 0, "percent_statements_covered": 95.45454545454545, "percent_statements_covered_display": "95"}, "missing_lines": [301], "excluded_lines": []}, "screen_volatility": {"executed_lines": [326, 327, 329, 330, 331, 332, 334, 335, 337, 338, 339, 340, 341, 342, 343, 344, 345, 348, 349, 350, 352, 353, 354, 355, 361, 365, 366, 369, 370, 371, 372, 373, 374, 375, 376, 377, 378, 379, 382, 383, 384, 386, 389, 390, 393, 394, 396, 398, 401, 404, 408, 409, 411, 412, 413, 415, 416, 418, 419, 424, 425, 428, 429, 430, 433, 434, 437, 439, 440, 441, 444, 445, 446, 448, 450, 451, 453, 455, 456, 457, 458, 459, 460, 461, 462, 464, 465, 466, 467, 468, 469, 470, 473, 474, 478, 479, 480, 481, 482, 483, 487, 488, 490, 494, 495, 496, 499, 500, 502, 503, 505, 508, 513, 516, 522, 523, 526, 537, 540, 543, 546, 547, 548, 551, 554, 555, 560, 585, 586, 590, 591, 592, 594, 595, 598, 601, 604, 606, 609, 620, 622, 628, 629, 631, 634, 636, 655], "summary": {"covered_lines": 147, "num_statements": 164, "percent_covered": 89.63414634146342, "percent_covered_display": "90", "missing_lines": 17, "excluded_lines": 0, "percent_statements_covered": 89.63414634146342, "percent_statements_covered_display": "90"}, "missing_lines": [356, 357, 358, 359, 362, 426, 449, 475, 491, 492, 510, 511, 556, 557, 596, 630, 632], "excluded_lines": []}, "screen_volatility._signal_key": {"executed_lines": [614, 615, 616, 617, 618], "summary": {"covered_lines": 5, "num_statements": 5, "percent_covered": 100.0, "percent_covered_display": "100", "missing_lines": 0, "excluded_lines": 0, "percent_statements_covered": 100.0, "percent_statements_covered_display": "100"}, "missing_lines": [], "excluded_lines": []}, "main": {"executed_lines": [], "summary": {"covered_lines": 0, "num_statements": 48, "percent_covered": 0.0, "percent_covered_display": "0", "missing_lines": 48, "excluded_lines": 0, "percent_statements_covered": 0.0, "percent_statements_covered_display": "0"}, "missing_lines": [659, 661, 662, 665, 671, 676, 681, 686, 691, 697, 698, 699, 700, 701, 702, 703, 705, 706, 708, 709, 710, 712, 713, 714, 716, 717, 718, 720, 721, 722, 726, 727, 728, 730, 731, 732, 733, 734, 735, 736, 737, 738, 739, 741, 743, 744, 745, 747], "excluded_lines": []}, "": {"executed_lines": [1, 2, 3, 4, 5, 6, 7, 10, 11, 12, 13, 22, 23, 24, 25, 26, 27, 28, 29, 30, 31, 32, 35, 67, 88, 144, 191, 219, 230, 243, 306, 658, 750], "summary": {"covered_lines": 33, "num_statements": 34, "percent_covered": 97.05882352941177, "percent_covered_display": "97", "missing_lines": 1, "excluded_lines": 0, "percent_statements_covered": 97.05882352941177, "percent_statements_covered_display": "97"}, "missing_lines": [751], "excluded_lines": []}}, "classes": {"ScreenerConfig": {"executed_lines": [], "summary": {"covered_lines": 0, "num_statements": 0, "percent_covered": 100.0, "percent_covered_display": "100", "missing_lines": 0, "excluded_lines": 0, "percent_statements_covered": 100.0, "percent_statements_covered_display": "100"}, "missing_lines": [], "excluded_lines": []}, "": {"executed_lines": [1, 2, 3, 4, 5, 6, 7, 10, 11, 12, 13, 22, 23, 24, 25, 26, 27, 28, 29, 30, 31, 32, 35, 67, 77, 78, 88, 94, 95, 98, 103, 104, 106, 107, 108, 109, 110, 111, 112, 113, 114, 117, 118, 120, 121, 122, 125, 127, 137, 138, 139, 144, 157, 160, 161, 164, 191, 198, 199, 201, 202, 206, 207, 210, 213, 214, 216, 219, 223, 225, 227, 230, 232, 234, 235, 243, 257, 262, 263, 264, 265, 268, 269, 272, 273, 274, 277, 278, 279, 280, 284, 285, 286, 288, 294, 300, 303, 306, 326, 327, 329, 330, 331, 332, 334, 335, 337, 338, 339, 340, 341, 342, 343, 344, 345, 348, 349, 350, 352, 353, 354, 355, 361, 365, 366, 369, 370, 371, 372, 373, 374, 375, 376, 377, 378, 379, 382, 383, 384, 386, 389, 390, 393, 394, 396, 398, 401, 404, 408, 409, 411, 412, 413, 415, 416, 418, 419, 424, 425, 428, 429, 430, 433, 434, 437, 439, 440, 441, 444, 445, 446, 448, 450, 451, 453, 455, 456, 457, 458, 459, 460, 461, 462, 464, 465, 466, 467, 468, 469, 470, 473, 474, 478, 479, 480, 481, 482, 483, 487, 488, 490, 494, 495, 496, 499, 500, 502, 503, 505, 508, 513, 516, 522, 523, 526, 537, 540, 543, 546, 547, 548, 551, 554, 555, 560, 585, 586, 590, 591, 592, 594, 595, 598, 601, 604, 606, 609, 614, 615, 616, 617, 618, 620, 622, 628, 629, 631, 634, 636, 655, 658, 750], "summary": {"covered_lines": 252, "num_statements": 354, "percent_covered": 71.1864406779661, "percent_covered_display": "71", "missing_lines": 102, "excluded_lines": 0, "percent_statements_covered": 71.1864406779661, "percent_statements_covered_display": "71"}, "missing_lines": [42, 43, 44, 45, 46, 47, 48, 49, 50, 52, 79, 80, 81, 82, 83, 84, 85, 128, 129, 130, 131, 132, 133, 134, 141, 162, 211, 224, 226, 233, 236, 237, 238, 239, 240, 301, 356, 357, 358, 359, 362, 426, 449, 475, 491, 492, 510, 511, 556, 557, 596, 630, 632, 659, 661, 662, 665, 671, 676, 681, 686, 691, 697, 698, 699, 700, 701, 702, 703, 705, 706, 708, 709, 710, 712, 713, 714, 716, 717, 718, 720, 721, 722, 726, 727, 728, 730, 731, 732, 733, 734, 735, 736, 737, 738, 739, 741, 743, 744, 745, 747, 751], "excluded_lines": []}}}}, "totals": {"covered_lines": 2008, "num_statements": 2867, "percent_covered": 70.03836763167074, "percent_covered_display": "70", "missing_lines": 859, "excluded_lines": 4, "percent_statements_covered": 70.03836763167074, "percent_statements_covered_display": "70"}}